<?xml version="1.0" encoding="UTF-8"?>
<testsuite xmlns:xsi="http://www.w3.org/2001/XMLSchema-instance" xsi:noNamespaceSchemaLocation="https://maven.apache.org/surefire/maven-surefire-plugin/xsd/surefire-test-report-3.0.xsd" version="3.0" name="com.nocountry.powerfit.PowerfitApplicationTests" time="7.072" tests="1" errors="0" skipped="0" failures="0">
  <properties>
    <property name="java.specification.version" value="17"/>
    <property name="sun.cpu.isalist" value="amd64"/>
    <property name="sun.jnu.encoding" value="Cp1252"/>
    <property name="java.class.path" value="D:\NoCountry-fullStack\C12-09-ft-nuevo\C12-09-FT-Java-Angular\back-end\powerfit\target\test-classes;D:\NoCountry-fullStack\C12-09-ft-nuevo\C12-09-FT-Java-Angular\back-end\powerfit\target\classes;C:\Users\abel_\.m2\repository\org\springframework\boot\spring-boot-starter-data-jpa\2.7.13\spring-boot-starter-data-jpa-2.7.13.jar;C:\Users\abel_\.m2\repository\org\springframework\boot\spring-boot-starter-aop\2.7.13\spring-boot-starter-aop-2.7.13.jar;C:\Users\abel_\.m2\repository\org\aspectj\aspectjweaver\1.9.7\aspectjweaver-1.9.7.jar;C:\Users\abel_\.m2\repository\org\springframework\boot\spring-boot-starter-jdbc\2.7.13\spring-boot-starter-jdbc-2.7.13.jar;C:\Users\abel_\.m2\repository\com\zaxxer\HikariCP\4.0.3\HikariCP-4.0.3.jar;C:\Users\abel_\.m2\repository\org\springframework\spring-jdbc\5.3.28\spring-jdbc-5.3.28.jar;C:\Users\abel_\.m2\repository\jakarta\transaction\jakarta.transaction-api\1.3.3\jakarta.transaction-api-1.3.3.jar;C:\Users\abel_\.m2\repository\jakarta\persistence\jakarta.persistence-api\2.2.3\jakarta.persistence-api-2.2.3.jar;C:\Users\abel_\.m2\repository\org\hibernate\hibernate-core\5.6.15.Final\hibernate-core-5.6.15.Final.jar;C:\Users\abel_\.m2\repository\org\jboss\logging\jboss-logging\3.4.3.Final\jboss-logging-3.4.3.Final.jar;C:\Users\abel_\.m2\repository\net\bytebuddy\byte-buddy\1.12.23\byte-buddy-1.12.23.jar;C:\Users\abel_\.m2\repository\antlr\antlr\2.7.7\antlr-2.7.7.jar;C:\Users\abel_\.m2\repository\org\jboss\jandex\2.4.2.Final\jandex-2.4.2.Final.jar;C:\Users\abel_\.m2\repository\org\hibernate\common\hibernate-commons-annotations\5.1.2.Final\hibernate-commons-annotations-5.1.2.Final.jar;C:\Users\abel_\.m2\repository\org\glassfish\jaxb\jaxb-runtime\2.3.8\jaxb-runtime-2.3.8.jar;C:\Users\abel_\.m2\repository\org\glassfish\jaxb\txw2\2.3.8\txw2-2.3.8.jar;C:\Users\abel_\.m2\repository\com\sun\istack\istack-commons-runtime\3.0.12\istack-commons-runtime-3.0.12.jar;C:\Users\abel_\.m2\repository\com\sun\activation\jakarta.activation\1.2.2\jakarta.activation-1.2.2.jar;C:\Users\abel_\.m2\repository\org\springframework\data\spring-data-jpa\2.7.13\spring-data-jpa-2.7.13.jar;C:\Users\abel_\.m2\repository\org\springframework\data\spring-data-commons\2.7.13\spring-data-commons-2.7.13.jar;C:\Users\abel_\.m2\repository\org\springframework\spring-orm\5.3.28\spring-orm-5.3.28.jar;C:\Users\abel_\.m2\repository\org\springframework\spring-context\5.3.28\spring-context-5.3.28.jar;C:\Users\abel_\.m2\repository\org\springframework\spring-tx\5.3.28\spring-tx-5.3.28.jar;C:\Users\abel_\.m2\repository\org\springframework\spring-beans\5.3.28\spring-beans-5.3.28.jar;C:\Users\abel_\.m2\repository\org\springframework\spring-aspects\5.3.28\spring-aspects-5.3.28.jar;C:\Users\abel_\.m2\repository\org\springframework\boot\spring-boot-starter-web\2.7.13\spring-boot-starter-web-2.7.13.jar;C:\Users\abel_\.m2\repository\org\springframework\boot\spring-boot-starter\2.7.13\spring-boot-starter-2.7.13.jar;C:\Users\abel_\.m2\repository\org\springframework\boot\spring-boot-starter-logging\2.7.13\spring-boot-starter-logging-2.7.13.jar;C:\Users\abel_\.m2\repository\ch\qos\logback\logback-classic\1.2.12\logback-classic-1.2.12.jar;C:\Users\abel_\.m2\repository\ch\qos\logback\logback-core\1.2.12\logback-core-1.2.12.jar;C:\Users\abel_\.m2\repository\org\apache\logging\log4j\log4j-to-slf4j\2.17.2\log4j-to-slf4j-2.17.2.jar;C:\Users\abel_\.m2\repository\org\apache\logging\log4j\log4j-api\2.17.2\log4j-api-2.17.2.jar;C:\Users\abel_\.m2\repository\org\slf4j\jul-to-slf4j\1.7.36\jul-to-slf4j-1.7.36.jar;C:\Users\abel_\.m2\repository\jakarta\annotation\jakarta.annotation-api\1.3.5\jakarta.annotation-api-1.3.5.jar;C:\Users\abel_\.m2\repository\org\yaml\snakeyaml\1.30\snakeyaml-1.30.jar;C:\Users\abel_\.m2\repository\org\springframework\boot\spring-boot-starter-json\2.7.13\spring-boot-starter-json-2.7.13.jar;C:\Users\abel_\.m2\repository\com\fasterxml\jackson\datatype\jackson-datatype-jdk8\2.13.5\jackson-datatype-jdk8-2.13.5.jar;C:\Users\abel_\.m2\repository\com\fasterxml\jackson\datatype\jackson-datatype-jsr310\2.13.5\jackson-datatype-jsr310-2.13.5.jar;C:\Users\abel_\.m2\repository\com\fasterxml\jackson\module\jackson-module-parameter-names\2.13.5\jackson-module-parameter-names-2.13.5.jar;C:\Users\abel_\.m2\repository\org\springframework\boot\spring-boot-starter-tomcat\2.7.13\spring-boot-starter-tomcat-2.7.13.jar;C:\Users\abel_\.m2\repository\org\apache\tomcat\embed\tomcat-embed-core\9.0.76\tomcat-embed-core-9.0.76.jar;C:\Users\abel_\.m2\repository\org\apache\tomcat\embed\tomcat-embed-websocket\9.0.76\tomcat-embed-websocket-9.0.76.jar;C:\Users\abel_\.m2\repository\org\springframework\spring-web\5.3.28\spring-web-5.3.28.jar;C:\Users\abel_\.m2\repository\org\springframework\spring-webmvc\5.3.28\spring-webmvc-5.3.28.jar;C:\Users\abel_\.m2\repository\org\springframework\spring-expression\5.3.28\spring-expression-5.3.28.jar;C:\Users\abel_\.m2\repository\org\springframework\boot\spring-boot-starter-security\2.7.13\spring-boot-starter-security-2.7.13.jar;C:\Users\abel_\.m2\repository\org\springframework\spring-aop\5.3.28\spring-aop-5.3.28.jar;C:\Users\abel_\.m2\repository\org\springframework\security\spring-security-config\5.7.9\spring-security-config-5.7.9.jar;C:\Users\abel_\.m2\repository\org\springframework\security\spring-security-web\5.7.9\spring-security-web-5.7.9.jar;C:\Users\abel_\.m2\repository\org\springframework\security\spring-security-test\5.7.9\spring-security-test-5.7.9.jar;C:\Users\abel_\.m2\repository\org\springframework\security\spring-security-core\5.7.9\spring-security-core-5.7.9.jar;C:\Users\abel_\.m2\repository\org\springframework\security\spring-security-crypto\5.7.9\spring-security-crypto-5.7.9.jar;C:\Users\abel_\.m2\repository\org\springframework\spring-core\5.3.28\spring-core-5.3.28.jar;C:\Users\abel_\.m2\repository\org\springframework\spring-jcl\5.3.28\spring-jcl-5.3.28.jar;C:\Users\abel_\.m2\repository\org\springframework\spring-test\5.3.28\spring-test-5.3.28.jar;C:\Users\abel_\.m2\repository\org\springframework\boot\spring-boot-devtools\2.7.13\spring-boot-devtools-2.7.13.jar;C:\Users\abel_\.m2\repository\org\springframework\boot\spring-boot\2.7.13\spring-boot-2.7.13.jar;C:\Users\abel_\.m2\repository\org\springframework\boot\spring-boot-autoconfigure\2.7.13\spring-boot-autoconfigure-2.7.13.jar;C:\Users\abel_\.m2\repository\org\springframework\boot\spring-boot-starter-validation\2.7.13\spring-boot-starter-validation-2.7.13.jar;C:\Users\abel_\.m2\repository\org\apache\tomcat\embed\tomcat-embed-el\9.0.76\tomcat-embed-el-9.0.76.jar;C:\Users\abel_\.m2\repository\org\hibernate\validator\hibernate-validator\6.2.5.Final\hibernate-validator-6.2.5.Final.jar;C:\Users\abel_\.m2\repository\jakarta\validation\jakarta.validation-api\2.0.2\jakarta.validation-api-2.0.2.jar;C:\Users\abel_\.m2\repository\com\mysql\mysql-connector-j\8.0.33\mysql-connector-j-8.0.33.jar;C:\Users\abel_\.m2\repository\org\apache\httpcomponents\httpcore\4.4.15\httpcore-4.4.15.jar;C:\Users\abel_\.m2\repository\org\projectlombok\lombok\1.18.28\lombok-1.18.28.jar;C:\Users\abel_\.m2\repository\io\jsonwebtoken\jjwt-api\0.11.5\jjwt-api-0.11.5.jar;C:\Users\abel_\.m2\repository\io\jsonwebtoken\jjwt-impl\0.11.5\jjwt-impl-0.11.5.jar;C:\Users\abel_\.m2\repository\io\jsonwebtoken\jjwt-jackson\0.11.5\jjwt-jackson-0.11.5.jar;C:\Users\abel_\.m2\repository\com\fasterxml\jackson\core\jackson-databind\2.13.5\jackson-databind-2.13.5.jar;C:\Users\abel_\.m2\repository\com\fasterxml\jackson\core\jackson-annotations\2.13.5\jackson-annotations-2.13.5.jar;C:\Users\abel_\.m2\repository\com\fasterxml\jackson\core\jackson-core\2.13.5\jackson-core-2.13.5.jar;C:\Users\abel_\.m2\repository\org\springframework\boot\spring-boot-starter-test\2.7.13\spring-boot-starter-test-2.7.13.jar;C:\Users\abel_\.m2\repository\org\springframework\boot\spring-boot-test\2.7.13\spring-boot-test-2.7.13.jar;C:\Users\abel_\.m2\repository\org\springframework\boot\spring-boot-test-autoconfigure\2.7.13\spring-boot-test-autoconfigure-2.7.13.jar;C:\Users\abel_\.m2\repository\com\jayway\jsonpath\json-path\2.7.0\json-path-2.7.0.jar;C:\Users\abel_\.m2\repository\net\minidev\json-smart\2.4.11\json-smart-2.4.11.jar;C:\Users\abel_\.m2\repository\net\minidev\accessors-smart\2.4.11\accessors-smart-2.4.11.jar;C:\Users\abel_\.m2\repository\jakarta\xml\bind\jakarta.xml.bind-api\2.3.3\jakarta.xml.bind-api-2.3.3.jar;C:\Users\abel_\.m2\repository\jakarta\activation\jakarta.activation-api\1.2.2\jakarta.activation-api-1.2.2.jar;C:\Users\abel_\.m2\repository\org\assertj\assertj-core\3.22.0\assertj-core-3.22.0.jar;C:\Users\abel_\.m2\repository\org\hamcrest\hamcrest\2.2\hamcrest-2.2.jar;C:\Users\abel_\.m2\repository\org\junit\jupiter\junit-jupiter\5.8.2\junit-jupiter-5.8.2.jar;C:\Users\abel_\.m2\repository\org\junit\jupiter\junit-jupiter-api\5.8.2\junit-jupiter-api-5.8.2.jar;C:\Users\abel_\.m2\repository\org\opentest4j\opentest4j\1.2.0\opentest4j-1.2.0.jar;C:\Users\abel_\.m2\repository\org\junit\platform\junit-platform-commons\1.8.2\junit-platform-commons-1.8.2.jar;C:\Users\abel_\.m2\repository\org\apiguardian\apiguardian-api\1.1.2\apiguardian-api-1.1.2.jar;C:\Users\abel_\.m2\repository\org\junit\jupiter\junit-jupiter-params\5.8.2\junit-jupiter-params-5.8.2.jar;C:\Users\abel_\.m2\repository\org\junit\jupiter\junit-jupiter-engine\5.8.2\junit-jupiter-engine-5.8.2.jar;C:\Users\abel_\.m2\repository\org\junit\platform\junit-platform-engine\1.8.2\junit-platform-engine-1.8.2.jar;C:\Users\abel_\.m2\repository\org\mockito\mockito-core\4.5.1\mockito-core-4.5.1.jar;C:\Users\abel_\.m2\repository\net\bytebuddy\byte-buddy-agent\1.12.23\byte-buddy-agent-1.12.23.jar;C:\Users\abel_\.m2\repository\org\objenesis\objenesis\3.2\objenesis-3.2.jar;C:\Users\abel_\.m2\repository\org\mockito\mockito-junit-jupiter\4.5.1\mockito-junit-jupiter-4.5.1.jar;C:\Users\abel_\.m2\repository\org\skyscreamer\jsonassert\1.5.1\jsonassert-1.5.1.jar;C:\Users\abel_\.m2\repository\com\vaadin\external\google\android-json\0.0.20131108.vaadin1\android-json-0.0.20131108.vaadin1.jar;C:\Users\abel_\.m2\repository\org\xmlunit\xmlunit-core\2.9.1\xmlunit-core-2.9.1.jar;C:\Users\abel_\.m2\repository\io\springfox\springfox-swagger2\3.0.0\springfox-swagger2-3.0.0.jar;C:\Users\abel_\.m2\repository\io\springfox\springfox-spi\3.0.0\springfox-spi-3.0.0.jar;C:\Users\abel_\.m2\repository\io\springfox\springfox-core\3.0.0\springfox-core-3.0.0.jar;C:\Users\abel_\.m2\repository\io\springfox\springfox-schema\3.0.0\springfox-schema-3.0.0.jar;C:\Users\abel_\.m2\repository\io\springfox\springfox-swagger-common\3.0.0\springfox-swagger-common-3.0.0.jar;C:\Users\abel_\.m2\repository\io\swagger\core\v3\swagger-annotations\2.1.2\swagger-annotations-2.1.2.jar;C:\Users\abel_\.m2\repository\io\springfox\springfox-spring-web\3.0.0\springfox-spring-web-3.0.0.jar;C:\Users\abel_\.m2\repository\io\github\classgraph\classgraph\4.8.83\classgraph-4.8.83.jar;C:\Users\abel_\.m2\repository\io\springfox\springfox-spring-webmvc\3.0.0\springfox-spring-webmvc-3.0.0.jar;C:\Users\abel_\.m2\repository\io\springfox\springfox-spring-webflux\3.0.0\springfox-spring-webflux-3.0.0.jar;C:\Users\abel_\.m2\repository\com\fasterxml\classmate\1.5.1\classmate-1.5.1.jar;C:\Users\abel_\.m2\repository\org\slf4j\slf4j-api\1.7.36\slf4j-api-1.7.36.jar;C:\Users\abel_\.m2\repository\org\springframework\plugin\spring-plugin-core\2.0.0.RELEASE\spring-plugin-core-2.0.0.RELEASE.jar;C:\Users\abel_\.m2\repository\org\springframework\plugin\spring-plugin-metadata\2.0.0.RELEASE\spring-plugin-metadata-2.0.0.RELEASE.jar;C:\Users\abel_\.m2\repository\io\swagger\swagger-annotations\1.5.20\swagger-annotations-1.5.20.jar;C:\Users\abel_\.m2\repository\io\swagger\swagger-models\1.5.20\swagger-models-1.5.20.jar;C:\Users\abel_\.m2\repository\org\mapstruct\mapstruct\1.3.1.Final\mapstruct-1.3.1.Final.jar;C:\Users\abel_\.m2\repository\io\springfox\springfox-swagger-ui\2.9.2\springfox-swagger-ui-2.9.2.jar;C:\Users\abel_\.m2\repository\com\amazonaws\aws-java-sdk\1.11.133\aws-java-sdk-1.11.133.jar;C:\Users\abel_\.m2\repository\com\amazonaws\aws-java-sdk-athena\1.11.133\aws-java-sdk-athena-1.11.133.jar;C:\Users\abel_\.m2\repository\com\amazonaws\jmespath-java\1.11.133\jmespath-java-1.11.133.jar;C:\Users\abel_\.m2\repository\com\amazonaws\aws-java-sdk-marketplaceentitlement\1.11.133\aws-java-sdk-marketplaceentitlement-1.11.133.jar;C:\Users\abel_\.m2\repository\com\amazonaws\aws-java-sdk-codestar\1.11.133\aws-java-sdk-codestar-1.11.133.jar;C:\Users\abel_\.m2\repository\com\amazonaws\aws-java-sdk-lexmodelbuilding\1.11.133\aws-java-sdk-lexmodelbuilding-1.11.133.jar;C:\Users\abel_\.m2\repository\com\amazonaws\aws-java-sdk-resourcegroupstaggingapi\1.11.133\aws-java-sdk-resourcegroupstaggingapi-1.11.133.jar;C:\Users\abel_\.m2\repository\com\amazonaws\aws-java-sdk-pinpoint\1.11.133\aws-java-sdk-pinpoint-1.11.133.jar;C:\Users\abel_\.m2\repository\com\amazonaws\aws-java-sdk-xray\1.11.133\aws-java-sdk-xray-1.11.133.jar;C:\Users\abel_\.m2\repository\com\amazonaws\aws-java-sdk-opsworkscm\1.11.133\aws-java-sdk-opsworkscm-1.11.133.jar;C:\Users\abel_\.m2\repository\com\amazonaws\aws-java-sdk-support\1.11.133\aws-java-sdk-support-1.11.133.jar;C:\Users\abel_\.m2\repository\com\amazonaws\aws-java-sdk-simpledb\1.11.133\aws-java-sdk-simpledb-1.11.133.jar;C:\Users\abel_\.m2\repository\com\amazonaws\aws-java-sdk-servicecatalog\1.11.133\aws-java-sdk-servicecatalog-1.11.133.jar;C:\Users\abel_\.m2\repository\com\amazonaws\aws-java-sdk-servermigration\1.11.133\aws-java-sdk-servermigration-1.11.133.jar;C:\Users\abel_\.m2\repository\com\amazonaws\aws-java-sdk-simpleworkflow\1.11.133\aws-java-sdk-simpleworkflow-1.11.133.jar;C:\Users\abel_\.m2\repository\com\amazonaws\aws-java-sdk-storagegateway\1.11.133\aws-java-sdk-storagegateway-1.11.133.jar;C:\Users\abel_\.m2\repository\com\amazonaws\aws-java-sdk-route53\1.11.133\aws-java-sdk-route53-1.11.133.jar;C:\Users\abel_\.m2\repository\com\amazonaws\aws-java-sdk-s3\1.11.133\aws-java-sdk-s3-1.11.133.jar;C:\Users\abel_\.m2\repository\com\amazonaws\aws-java-sdk-importexport\1.11.133\aws-java-sdk-importexport-1.11.133.jar;C:\Users\abel_\.m2\repository\com\amazonaws\aws-java-sdk-sts\1.11.133\aws-java-sdk-sts-1.11.133.jar;C:\Users\abel_\.m2\repository\com\amazonaws\aws-java-sdk-sqs\1.11.133\aws-java-sdk-sqs-1.11.133.jar;C:\Users\abel_\.m2\repository\com\amazonaws\aws-java-sdk-rds\1.11.133\aws-java-sdk-rds-1.11.133.jar;C:\Users\abel_\.m2\repository\com\amazonaws\aws-java-sdk-redshift\1.11.133\aws-java-sdk-redshift-1.11.133.jar;C:\Users\abel_\.m2\repository\com\amazonaws\aws-java-sdk-elasticbeanstalk\1.11.133\aws-java-sdk-elasticbeanstalk-1.11.133.jar;C:\Users\abel_\.m2\repository\com\amazonaws\aws-java-sdk-glacier\1.11.133\aws-java-sdk-glacier-1.11.133.jar;C:\Users\abel_\.m2\repository\com\amazonaws\aws-java-sdk-iam\1.11.133\aws-java-sdk-iam-1.11.133.jar;C:\Users\abel_\.m2\repository\com\amazonaws\aws-java-sdk-datapipeline\1.11.133\aws-java-sdk-datapipeline-1.11.133.jar;C:\Users\abel_\.m2\repository\com\amazonaws\aws-java-sdk-elasticloadbalancing\1.11.133\aws-java-sdk-elasticloadbalancing-1.11.133.jar;C:\Users\abel_\.m2\repository\com\amazonaws\aws-java-sdk-elasticloadbalancingv2\1.11.133\aws-java-sdk-elasticloadbalancingv2-1.11.133.jar;C:\Users\abel_\.m2\repository\com\amazonaws\aws-java-sdk-emr\1.11.133\aws-java-sdk-emr-1.11.133.jar;C:\Users\abel_\.m2\repository\com\amazonaws\aws-java-sdk-elasticache\1.11.133\aws-java-sdk-elasticache-1.11.133.jar;C:\Users\abel_\.m2\repository\com\amazonaws\aws-java-sdk-elastictranscoder\1.11.133\aws-java-sdk-elastictranscoder-1.11.133.jar;C:\Users\abel_\.m2\repository\com\amazonaws\aws-java-sdk-ec2\1.11.133\aws-java-sdk-ec2-1.11.133.jar;C:\Users\abel_\.m2\repository\com\amazonaws\aws-java-sdk-dynamodb\1.11.133\aws-java-sdk-dynamodb-1.11.133.jar;C:\Users\abel_\.m2\repository\com\amazonaws\aws-java-sdk-sns\1.11.133\aws-java-sdk-sns-1.11.133.jar;C:\Users\abel_\.m2\repository\com\amazonaws\aws-java-sdk-budgets\1.11.133\aws-java-sdk-budgets-1.11.133.jar;C:\Users\abel_\.m2\repository\com\amazonaws\aws-java-sdk-cloudtrail\1.11.133\aws-java-sdk-cloudtrail-1.11.133.jar;C:\Users\abel_\.m2\repository\com\amazonaws\aws-java-sdk-cloudwatch\1.11.133\aws-java-sdk-cloudwatch-1.11.133.jar;C:\Users\abel_\.m2\repository\com\amazonaws\aws-java-sdk-logs\1.11.133\aws-java-sdk-logs-1.11.133.jar;C:\Users\abel_\.m2\repository\com\amazonaws\aws-java-sdk-events\1.11.133\aws-java-sdk-events-1.11.133.jar;C:\Users\abel_\.m2\repository\com\amazonaws\aws-java-sdk-cognitoidentity\1.11.133\aws-java-sdk-cognitoidentity-1.11.133.jar;C:\Users\abel_\.m2\repository\com\amazonaws\aws-java-sdk-cognitosync\1.11.133\aws-java-sdk-cognitosync-1.11.133.jar;C:\Users\abel_\.m2\repository\com\amazonaws\aws-java-sdk-directconnect\1.11.133\aws-java-sdk-directconnect-1.11.133.jar;C:\Users\abel_\.m2\repository\com\amazonaws\aws-java-sdk-cloudformation\1.11.133\aws-java-sdk-cloudformation-1.11.133.jar;C:\Users\abel_\.m2\repository\com\amazonaws\aws-java-sdk-cloudfront\1.11.133\aws-java-sdk-cloudfront-1.11.133.jar;C:\Users\abel_\.m2\repository\com\amazonaws\aws-java-sdk-clouddirectory\1.11.133\aws-java-sdk-clouddirectory-1.11.133.jar;C:\Users\abel_\.m2\repository\com\amazonaws\aws-java-sdk-kinesis\1.11.133\aws-java-sdk-kinesis-1.11.133.jar;C:\Users\abel_\.m2\repository\com\amazonaws\aws-java-sdk-opsworks\1.11.133\aws-java-sdk-opsworks-1.11.133.jar;C:\Users\abel_\.m2\repository\com\amazonaws\aws-java-sdk-ses\1.11.133\aws-java-sdk-ses-1.11.133.jar;C:\Users\abel_\.m2\repository\com\amazonaws\aws-java-sdk-autoscaling\1.11.133\aws-java-sdk-autoscaling-1.11.133.jar;C:\Users\abel_\.m2\repository\com\amazonaws\aws-java-sdk-cloudsearch\1.11.133\aws-java-sdk-cloudsearch-1.11.133.jar;C:\Users\abel_\.m2\repository\com\amazonaws\aws-java-sdk-cloudwatchmetrics\1.11.133\aws-java-sdk-cloudwatchmetrics-1.11.133.jar;C:\Users\abel_\.m2\repository\com\amazonaws\aws-java-sdk-codedeploy\1.11.133\aws-java-sdk-codedeploy-1.11.133.jar;C:\Users\abel_\.m2\repository\com\amazonaws\aws-java-sdk-codepipeline\1.11.133\aws-java-sdk-codepipeline-1.11.133.jar;C:\Users\abel_\.m2\repository\com\amazonaws\aws-java-sdk-kms\1.11.133\aws-java-sdk-kms-1.11.133.jar;C:\Users\abel_\.m2\repository\com\amazonaws\aws-java-sdk-config\1.11.133\aws-java-sdk-config-1.11.133.jar;C:\Users\abel_\.m2\repository\com\amazonaws\aws-java-sdk-lambda\1.11.133\aws-java-sdk-lambda-1.11.133.jar;C:\Users\abel_\.m2\repository\com\amazonaws\aws-java-sdk-ecs\1.11.133\aws-java-sdk-ecs-1.11.133.jar;C:\Users\abel_\.m2\repository\com\amazonaws\aws-java-sdk-ecr\1.11.133\aws-java-sdk-ecr-1.11.133.jar;C:\Users\abel_\.m2\repository\com\amazonaws\aws-java-sdk-cloudhsm\1.11.133\aws-java-sdk-cloudhsm-1.11.133.jar;C:\Users\abel_\.m2\repository\com\amazonaws\aws-java-sdk-ssm\1.11.133\aws-java-sdk-ssm-1.11.133.jar;C:\Users\abel_\.m2\repository\com\amazonaws\aws-java-sdk-workspaces\1.11.133\aws-java-sdk-workspaces-1.11.133.jar;C:\Users\abel_\.m2\repository\com\amazonaws\aws-java-sdk-machinelearning\1.11.133\aws-java-sdk-machinelearning-1.11.133.jar;C:\Users\abel_\.m2\repository\com\amazonaws\aws-java-sdk-directory\1.11.133\aws-java-sdk-directory-1.11.133.jar;C:\Users\abel_\.m2\repository\com\amazonaws\aws-java-sdk-efs\1.11.133\aws-java-sdk-efs-1.11.133.jar;C:\Users\abel_\.m2\repository\com\amazonaws\aws-java-sdk-codecommit\1.11.133\aws-java-sdk-codecommit-1.11.133.jar;C:\Users\abel_\.m2\repository\com\amazonaws\aws-java-sdk-devicefarm\1.11.133\aws-java-sdk-devicefarm-1.11.133.jar;C:\Users\abel_\.m2\repository\com\amazonaws\aws-java-sdk-elasticsearch\1.11.133\aws-java-sdk-elasticsearch-1.11.133.jar;C:\Users\abel_\.m2\repository\com\amazonaws\aws-java-sdk-waf\1.11.133\aws-java-sdk-waf-1.11.133.jar;C:\Users\abel_\.m2\repository\com\amazonaws\aws-java-sdk-marketplacecommerceanalytics\1.11.133\aws-java-sdk-marketplacecommerceanalytics-1.11.133.jar;C:\Users\abel_\.m2\repository\com\amazonaws\aws-java-sdk-inspector\1.11.133\aws-java-sdk-inspector-1.11.133.jar;C:\Users\abel_\.m2\repository\com\amazonaws\aws-java-sdk-iot\1.11.133\aws-java-sdk-iot-1.11.133.jar;C:\Users\abel_\.m2\repository\com\amazonaws\aws-java-sdk-api-gateway\1.11.133\aws-java-sdk-api-gateway-1.11.133.jar;C:\Users\abel_\.m2\repository\com\amazonaws\aws-java-sdk-acm\1.11.133\aws-java-sdk-acm-1.11.133.jar;C:\Users\abel_\.m2\repository\com\amazonaws\aws-java-sdk-gamelift\1.11.133\aws-java-sdk-gamelift-1.11.133.jar;C:\Users\abel_\.m2\repository\com\amazonaws\aws-java-sdk-dms\1.11.133\aws-java-sdk-dms-1.11.133.jar;C:\Users\abel_\.m2\repository\com\amazonaws\aws-java-sdk-marketplacemeteringservice\1.11.133\aws-java-sdk-marketplacemeteringservice-1.11.133.jar;C:\Users\abel_\.m2\repository\com\amazonaws\aws-java-sdk-cognitoidp\1.11.133\aws-java-sdk-cognitoidp-1.11.133.jar;C:\Users\abel_\.m2\repository\com\amazonaws\aws-java-sdk-discovery\1.11.133\aws-java-sdk-discovery-1.11.133.jar;C:\Users\abel_\.m2\repository\com\amazonaws\aws-java-sdk-applicationautoscaling\1.11.133\aws-java-sdk-applicationautoscaling-1.11.133.jar;C:\Users\abel_\.m2\repository\com\amazonaws\aws-java-sdk-snowball\1.11.133\aws-java-sdk-snowball-1.11.133.jar;C:\Users\abel_\.m2\repository\com\amazonaws\aws-java-sdk-rekognition\1.11.133\aws-java-sdk-rekognition-1.11.133.jar;C:\Users\abel_\.m2\repository\com\amazonaws\aws-java-sdk-polly\1.11.133\aws-java-sdk-polly-1.11.133.jar;C:\Users\abel_\.m2\repository\com\amazonaws\aws-java-sdk-lightsail\1.11.133\aws-java-sdk-lightsail-1.11.133.jar;C:\Users\abel_\.m2\repository\com\amazonaws\aws-java-sdk-stepfunctions\1.11.133\aws-java-sdk-stepfunctions-1.11.133.jar;C:\Users\abel_\.m2\repository\com\amazonaws\aws-java-sdk-health\1.11.133\aws-java-sdk-health-1.11.133.jar;C:\Users\abel_\.m2\repository\com\amazonaws\aws-java-sdk-costandusagereport\1.11.133\aws-java-sdk-costandusagereport-1.11.133.jar;C:\Users\abel_\.m2\repository\com\amazonaws\aws-java-sdk-codebuild\1.11.133\aws-java-sdk-codebuild-1.11.133.jar;C:\Users\abel_\.m2\repository\com\amazonaws\aws-java-sdk-appstream\1.11.133\aws-java-sdk-appstream-1.11.133.jar;C:\Users\abel_\.m2\repository\com\amazonaws\aws-java-sdk-shield\1.11.133\aws-java-sdk-shield-1.11.133.jar;C:\Users\abel_\.m2\repository\com\amazonaws\aws-java-sdk-batch\1.11.133\aws-java-sdk-batch-1.11.133.jar;C:\Users\abel_\.m2\repository\com\amazonaws\aws-java-sdk-lex\1.11.133\aws-java-sdk-lex-1.11.133.jar;C:\Users\abel_\.m2\repository\com\amazonaws\aws-java-sdk-mechanicalturkrequester\1.11.133\aws-java-sdk-mechanicalturkrequester-1.11.133.jar;C:\Users\abel_\.m2\repository\com\amazonaws\aws-java-sdk-organizations\1.11.133\aws-java-sdk-organizations-1.11.133.jar;C:\Users\abel_\.m2\repository\com\amazonaws\aws-java-sdk-workdocs\1.11.133\aws-java-sdk-workdocs-1.11.133.jar;C:\Users\abel_\.m2\repository\com\amazonaws\aws-java-sdk-core\1.11.133\aws-java-sdk-core-1.11.133.jar;C:\Users\abel_\.m2\repository\commons-logging\commons-logging\1.1.3\commons-logging-1.1.3.jar;C:\Users\abel_\.m2\repository\software\amazon\ion\ion-java\1.0.2\ion-java-1.0.2.jar;C:\Users\abel_\.m2\repository\com\fasterxml\jackson\dataformat\jackson-dataformat-cbor\2.13.5\jackson-dataformat-cbor-2.13.5.jar;C:\Users\abel_\.m2\repository\joda-time\joda-time\2.8.1\joda-time-2.8.1.jar;C:\Users\abel_\.m2\repository\com\amazonaws\aws-java-sdk-models\1.11.133\aws-java-sdk-models-1.11.133.jar;C:\Users\abel_\.m2\repository\com\amazonaws\aws-java-sdk-swf-libraries\1.11.22\aws-java-sdk-swf-libraries-1.11.22.jar;C:\Users\abel_\.m2\repository\com\mercadopago\sdk-java\2.1.7\sdk-java-2.1.7.jar;C:\Users\abel_\.m2\repository\org\apache\maven\plugins\maven-javadoc-plugin\3.3.2\maven-javadoc-plugin-3.3.2.jar;C:\Users\abel_\.m2\repository\org\apache\maven\maven-core\3.0\maven-core-3.0.jar;C:\Users\abel_\.m2\repository\org\apache\maven\maven-settings-builder\3.0\maven-settings-builder-3.0.jar;C:\Users\abel_\.m2\repository\org\apache\maven\maven-repository-metadata\3.0\maven-repository-metadata-3.0.jar;C:\Users\abel_\.m2\repository\org\apache\maven\maven-model-builder\3.0\maven-model-builder-3.0.jar;C:\Users\abel_\.m2\repository\org\apache\maven\maven-aether-provider\3.0\maven-aether-provider-3.0.jar;C:\Users\abel_\.m2\repository\org\sonatype\aether\aether-impl\1.7\aether-impl-1.7.jar;C:\Users\abel_\.m2\repository\org\sonatype\aether\aether-spi\1.7\aether-spi-1.7.jar;C:\Users\abel_\.m2\repository\org\sonatype\aether\aether-api\1.7\aether-api-1.7.jar;C:\Users\abel_\.m2\repository\org\sonatype\aether\aether-util\1.7\aether-util-1.7.jar;C:\Users\abel_\.m2\repository\org\sonatype\sisu\sisu-inject-plexus\1.4.2\sisu-inject-plexus-1.4.2.jar;C:\Users\abel_\.m2\repository\org\sonatype\sisu\sisu-inject-bean\1.4.2\sisu-inject-bean-1.4.2.jar;C:\Users\abel_\.m2\repository\org\sonatype\sisu\sisu-guice\2.1.7\sisu-guice-2.1.7-noaop.jar;C:\Users\abel_\.m2\repository\org\codehaus\plexus\plexus-interpolation\1.14\plexus-interpolation-1.14.jar;C:\Users\abel_\.m2\repository\org\codehaus\plexus\plexus-classworlds\2.2.3\plexus-classworlds-2.2.3.jar;C:\Users\abel_\.m2\repository\org\codehaus\plexus\plexus-component-annotations\1.5.5\plexus-component-annotations-1.5.5.jar;C:\Users\abel_\.m2\repository\org\sonatype\plexus\plexus-sec-dispatcher\1.3\plexus-sec-dispatcher-1.3.jar;C:\Users\abel_\.m2\repository\org\sonatype\plexus\plexus-cipher\1.4\plexus-cipher-1.4.jar;C:\Users\abel_\.m2\repository\org\apache\maven\maven-model\3.0\maven-model-3.0.jar;C:\Users\abel_\.m2\repository\org\apache\maven\maven-settings\3.0\maven-settings-3.0.jar;C:\Users\abel_\.m2\repository\org\apache\maven\maven-plugin-api\3.0\maven-plugin-api-3.0.jar;C:\Users\abel_\.m2\repository\org\apache\maven\maven-artifact\3.0\maven-artifact-3.0.jar;C:\Users\abel_\.m2\repository\org\apache\maven\reporting\maven-reporting-api\3.1.0\maven-reporting-api-3.1.0.jar;C:\Users\abel_\.m2\repository\org\apache\maven\maven-archiver\3.5.1\maven-archiver-3.5.1.jar;C:\Users\abel_\.m2\repository\org\apache\maven\shared\maven-shared-utils\3.3.3\maven-shared-utils-3.3.3.jar;C:\Users\abel_\.m2\repository\org\apache\maven\shared\maven-invoker\3.1.0\maven-invoker-3.1.0.jar;C:\Users\abel_\.m2\repository\javax\inject\javax.inject\1\javax.inject-1.jar;C:\Users\abel_\.m2\repository\org\apache\maven\shared\maven-common-artifact-filters\3.1.1\maven-common-artifact-filters-3.1.1.jar;C:\Users\abel_\.m2\repository\org\apache\maven\shared\maven-artifact-transfer\0.13.1\maven-artifact-transfer-0.13.1.jar;C:\Users\abel_\.m2\repository\org\apache\maven\doxia\doxia-sink-api\1.11.1\doxia-sink-api-1.11.1.jar;C:\Users\abel_\.m2\repository\org\apache\maven\doxia\doxia-logging-api\1.11.1\doxia-logging-api-1.11.1.jar;C:\Users\abel_\.m2\repository\org\apache\maven\doxia\doxia-site-renderer\1.11.1\doxia-site-renderer-1.11.1.jar;C:\Users\abel_\.m2\repository\org\apache\maven\doxia\doxia-core\1.11.1\doxia-core-1.11.1.jar;C:\Users\abel_\.m2\repository\org\apache\maven\doxia\doxia-decoration-model\1.11.1\doxia-decoration-model-1.11.1.jar;C:\Users\abel_\.m2\repository\org\apache\maven\doxia\doxia-skin-model\1.11.1\doxia-skin-model-1.11.1.jar;C:\Users\abel_\.m2\repository\org\apache\maven\doxia\doxia-module-xhtml\1.11.1\doxia-module-xhtml-1.11.1.jar;C:\Users\abel_\.m2\repository\org\apache\maven\doxia\doxia-module-xhtml5\1.11.1\doxia-module-xhtml5-1.11.1.jar;C:\Users\abel_\.m2\repository\org\codehaus\plexus\plexus-i18n\1.0-beta-10\plexus-i18n-1.0-beta-10.jar;C:\Users\abel_\.m2\repository\org\codehaus\plexus\plexus-container-default\1.0-alpha-30\plexus-container-default-1.0-alpha-30.jar;C:\Users\abel_\.m2\repository\junit\junit\4.13.2\junit-4.13.2.jar;C:\Users\abel_\.m2\repository\org\hamcrest\hamcrest-core\2.2\hamcrest-core-2.2.jar;C:\Users\abel_\.m2\repository\org\codehaus\plexus\plexus-velocity\1.2\plexus-velocity-1.2.jar;C:\Users\abel_\.m2\repository\org\apache\velocity\velocity\1.7\velocity-1.7.jar;C:\Users\abel_\.m2\repository\commons-lang\commons-lang\2.4\commons-lang-2.4.jar;C:\Users\abel_\.m2\repository\org\apache\velocity\velocity-tools\2.0\velocity-tools-2.0.jar;C:\Users\abel_\.m2\repository\commons-beanutils\commons-beanutils\1.7.0\commons-beanutils-1.7.0.jar;C:\Users\abel_\.m2\repository\commons-digester\commons-digester\1.8\commons-digester-1.8.jar;C:\Users\abel_\.m2\repository\commons-chain\commons-chain\1.1\commons-chain-1.1.jar;C:\Users\abel_\.m2\repository\dom4j\dom4j\1.1\dom4j-1.1.jar;C:\Users\abel_\.m2\repository\oro\oro\2.0.8\oro-2.0.8.jar;C:\Users\abel_\.m2\repository\commons-collections\commons-collections\3.2.2\commons-collections-3.2.2.jar;C:\Users\abel_\.m2\repository\org\apache\maven\wagon\wagon-provider-api\2.4\wagon-provider-api-2.4.jar;C:\Users\abel_\.m2\repository\org\apache\commons\commons-lang3\3.12.0\commons-lang3-3.12.0.jar;C:\Users\abel_\.m2\repository\org\apache\commons\commons-text\1.9\commons-text-1.9.jar;C:\Users\abel_\.m2\repository\com\thoughtworks\qdox\qdox\2.0.1\qdox-2.0.1.jar;C:\Users\abel_\.m2\repository\org\codehaus\plexus\plexus-java\1.1.0\plexus-java-1.1.0.jar;C:\Users\abel_\.m2\repository\org\ow2\asm\asm\9.2\asm-9.2.jar;C:\Users\abel_\.m2\repository\org\codehaus\plexus\plexus-archiver\4.2.6\plexus-archiver-4.2.6.jar;C:\Users\abel_\.m2\repository\org\apache\commons\commons-compress\1.21\commons-compress-1.21.jar;C:\Users\abel_\.m2\repository\org\iq80\snappy\snappy\0.4\snappy-0.4.jar;C:\Users\abel_\.m2\repository\org\tukaani\xz\1.9\xz-1.9.jar;C:\Users\abel_\.m2\repository\org\codehaus\plexus\plexus-io\3.2.0\plexus-io-3.2.0.jar;C:\Users\abel_\.m2\repository\org\codehaus\plexus\plexus-utils\3.3.0\plexus-utils-3.3.0.jar;C:\Users\abel_\.m2\repository\commons-io\commons-io\2.11.0\commons-io-2.11.0.jar;C:\Users\abel_\.m2\repository\org\codehaus\plexus\plexus-interactivity-api\1.1\plexus-interactivity-api-1.1.jar;C:\Users\abel_\.m2\repository\org\apache\httpcomponents\httpclient\4.5.14\httpclient-4.5.14.jar;C:\Users\abel_\.m2\repository\commons-codec\commons-codec\1.15\commons-codec-1.15.jar;C:\Users\abel_\.m2\repository\com\google\code\gson\gson\2.9.1\gson-2.9.1.jar;"/>
    <property name="java.vm.vendor" value="Amazon.com Inc."/>
    <property name="sun.arch.data.model" value="64"/>
    <property name="user.variant" value=""/>
    <property name="java.vendor.url" value="https://aws.amazon.com/corretto/"/>
    <property name="user.timezone" value="America/Buenos_Aires"/>
    <property name="os.name" value="Windows 11"/>
    <property name="java.vm.specification.version" value="17"/>
    <property name="sun.java.launcher" value="SUN_STANDARD"/>
    <property name="user.country" value="AR"/>
    <property name="sun.boot.library.path" value="C:\Users\abel_\.jdks\corretto-17.0.7\bin"/>
    <property name="sun.java.command" value="C:\Users\abel_\AppData\Local\Temp\surefire10763506408082773523\surefirebooter-20230731232430971_3.jar C:\Users\abel_\AppData\Local\Temp\surefire10763506408082773523 2023-07-31T23-24-30_882-jvmRun1 surefire-20230731232430971_1tmp surefire_0-20230731232430971_2tmp"/>
    <property name="jdk.debug" value="release"/>
    <property name="surefire.test.class.path" value="D:\NoCountry-fullStack\C12-09-ft-nuevo\C12-09-FT-Java-Angular\back-end\powerfit\target\test-classes;D:\NoCountry-fullStack\C12-09-ft-nuevo\C12-09-FT-Java-Angular\back-end\powerfit\target\classes;C:\Users\abel_\.m2\repository\org\springframework\boot\spring-boot-starter-data-jpa\2.7.13\spring-boot-starter-data-jpa-2.7.13.jar;C:\Users\abel_\.m2\repository\org\springframework\boot\spring-boot-starter-aop\2.7.13\spring-boot-starter-aop-2.7.13.jar;C:\Users\abel_\.m2\repository\org\aspectj\aspectjweaver\1.9.7\aspectjweaver-1.9.7.jar;C:\Users\abel_\.m2\repository\org\springframework\boot\spring-boot-starter-jdbc\2.7.13\spring-boot-starter-jdbc-2.7.13.jar;C:\Users\abel_\.m2\repository\com\zaxxer\HikariCP\4.0.3\HikariCP-4.0.3.jar;C:\Users\abel_\.m2\repository\org\springframework\spring-jdbc\5.3.28\spring-jdbc-5.3.28.jar;C:\Users\abel_\.m2\repository\jakarta\transaction\jakarta.transaction-api\1.3.3\jakarta.transaction-api-1.3.3.jar;C:\Users\abel_\.m2\repository\jakarta\persistence\jakarta.persistence-api\2.2.3\jakarta.persistence-api-2.2.3.jar;C:\Users\abel_\.m2\repository\org\hibernate\hibernate-core\5.6.15.Final\hibernate-core-5.6.15.Final.jar;C:\Users\abel_\.m2\repository\org\jboss\logging\jboss-logging\3.4.3.Final\jboss-logging-3.4.3.Final.jar;C:\Users\abel_\.m2\repository\net\bytebuddy\byte-buddy\1.12.23\byte-buddy-1.12.23.jar;C:\Users\abel_\.m2\repository\antlr\antlr\2.7.7\antlr-2.7.7.jar;C:\Users\abel_\.m2\repository\org\jboss\jandex\2.4.2.Final\jandex-2.4.2.Final.jar;C:\Users\abel_\.m2\repository\org\hibernate\common\hibernate-commons-annotations\5.1.2.Final\hibernate-commons-annotations-5.1.2.Final.jar;C:\Users\abel_\.m2\repository\org\glassfish\jaxb\jaxb-runtime\2.3.8\jaxb-runtime-2.3.8.jar;C:\Users\abel_\.m2\repository\org\glassfish\jaxb\txw2\2.3.8\txw2-2.3.8.jar;C:\Users\abel_\.m2\repository\com\sun\istack\istack-commons-runtime\3.0.12\istack-commons-runtime-3.0.12.jar;C:\Users\abel_\.m2\repository\com\sun\activation\jakarta.activation\1.2.2\jakarta.activation-1.2.2.jar;C:\Users\abel_\.m2\repository\org\springframework\data\spring-data-jpa\2.7.13\spring-data-jpa-2.7.13.jar;C:\Users\abel_\.m2\repository\org\springframework\data\spring-data-commons\2.7.13\spring-data-commons-2.7.13.jar;C:\Users\abel_\.m2\repository\org\springframework\spring-orm\5.3.28\spring-orm-5.3.28.jar;C:\Users\abel_\.m2\repository\org\springframework\spring-context\5.3.28\spring-context-5.3.28.jar;C:\Users\abel_\.m2\repository\org\springframework\spring-tx\5.3.28\spring-tx-5.3.28.jar;C:\Users\abel_\.m2\repository\org\springframework\spring-beans\5.3.28\spring-beans-5.3.28.jar;C:\Users\abel_\.m2\repository\org\springframework\spring-aspects\5.3.28\spring-aspects-5.3.28.jar;C:\Users\abel_\.m2\repository\org\springframework\boot\spring-boot-starter-web\2.7.13\spring-boot-starter-web-2.7.13.jar;C:\Users\abel_\.m2\repository\org\springframework\boot\spring-boot-starter\2.7.13\spring-boot-starter-2.7.13.jar;C:\Users\abel_\.m2\repository\org\springframework\boot\spring-boot-starter-logging\2.7.13\spring-boot-starter-logging-2.7.13.jar;C:\Users\abel_\.m2\repository\ch\qos\logback\logback-classic\1.2.12\logback-classic-1.2.12.jar;C:\Users\abel_\.m2\repository\ch\qos\logback\logback-core\1.2.12\logback-core-1.2.12.jar;C:\Users\abel_\.m2\repository\org\apache\logging\log4j\log4j-to-slf4j\2.17.2\log4j-to-slf4j-2.17.2.jar;C:\Users\abel_\.m2\repository\org\apache\logging\log4j\log4j-api\2.17.2\log4j-api-2.17.2.jar;C:\Users\abel_\.m2\repository\org\slf4j\jul-to-slf4j\1.7.36\jul-to-slf4j-1.7.36.jar;C:\Users\abel_\.m2\repository\jakarta\annotation\jakarta.annotation-api\1.3.5\jakarta.annotation-api-1.3.5.jar;C:\Users\abel_\.m2\repository\org\yaml\snakeyaml\1.30\snakeyaml-1.30.jar;C:\Users\abel_\.m2\repository\org\springframework\boot\spring-boot-starter-json\2.7.13\spring-boot-starter-json-2.7.13.jar;C:\Users\abel_\.m2\repository\com\fasterxml\jackson\datatype\jackson-datatype-jdk8\2.13.5\jackson-datatype-jdk8-2.13.5.jar;C:\Users\abel_\.m2\repository\com\fasterxml\jackson\datatype\jackson-datatype-jsr310\2.13.5\jackson-datatype-jsr310-2.13.5.jar;C:\Users\abel_\.m2\repository\com\fasterxml\jackson\module\jackson-module-parameter-names\2.13.5\jackson-module-parameter-names-2.13.5.jar;C:\Users\abel_\.m2\repository\org\springframework\boot\spring-boot-starter-tomcat\2.7.13\spring-boot-starter-tomcat-2.7.13.jar;C:\Users\abel_\.m2\repository\org\apache\tomcat\embed\tomcat-embed-core\9.0.76\tomcat-embed-core-9.0.76.jar;C:\Users\abel_\.m2\repository\org\apache\tomcat\embed\tomcat-embed-websocket\9.0.76\tomcat-embed-websocket-9.0.76.jar;C:\Users\abel_\.m2\repository\org\springframework\spring-web\5.3.28\spring-web-5.3.28.jar;C:\Users\abel_\.m2\repository\org\springframework\spring-webmvc\5.3.28\spring-webmvc-5.3.28.jar;C:\Users\abel_\.m2\repository\org\springframework\spring-expression\5.3.28\spring-expression-5.3.28.jar;C:\Users\abel_\.m2\repository\org\springframework\boot\spring-boot-starter-security\2.7.13\spring-boot-starter-security-2.7.13.jar;C:\Users\abel_\.m2\repository\org\springframework\spring-aop\5.3.28\spring-aop-5.3.28.jar;C:\Users\abel_\.m2\repository\org\springframework\security\spring-security-config\5.7.9\spring-security-config-5.7.9.jar;C:\Users\abel_\.m2\repository\org\springframework\security\spring-security-web\5.7.9\spring-security-web-5.7.9.jar;C:\Users\abel_\.m2\repository\org\springframework\security\spring-security-test\5.7.9\spring-security-test-5.7.9.jar;C:\Users\abel_\.m2\repository\org\springframework\security\spring-security-core\5.7.9\spring-security-core-5.7.9.jar;C:\Users\abel_\.m2\repository\org\springframework\security\spring-security-crypto\5.7.9\spring-security-crypto-5.7.9.jar;C:\Users\abel_\.m2\repository\org\springframework\spring-core\5.3.28\spring-core-5.3.28.jar;C:\Users\abel_\.m2\repository\org\springframework\spring-jcl\5.3.28\spring-jcl-5.3.28.jar;C:\Users\abel_\.m2\repository\org\springframework\spring-test\5.3.28\spring-test-5.3.28.jar;C:\Users\abel_\.m2\repository\org\springframework\boot\spring-boot-devtools\2.7.13\spring-boot-devtools-2.7.13.jar;C:\Users\abel_\.m2\repository\org\springframework\boot\spring-boot\2.7.13\spring-boot-2.7.13.jar;C:\Users\abel_\.m2\repository\org\springframework\boot\spring-boot-autoconfigure\2.7.13\spring-boot-autoconfigure-2.7.13.jar;C:\Users\abel_\.m2\repository\org\springframework\boot\spring-boot-starter-validation\2.7.13\spring-boot-starter-validation-2.7.13.jar;C:\Users\abel_\.m2\repository\org\apache\tomcat\embed\tomcat-embed-el\9.0.76\tomcat-embed-el-9.0.76.jar;C:\Users\abel_\.m2\repository\org\hibernate\validator\hibernate-validator\6.2.5.Final\hibernate-validator-6.2.5.Final.jar;C:\Users\abel_\.m2\repository\jakarta\validation\jakarta.validation-api\2.0.2\jakarta.validation-api-2.0.2.jar;C:\Users\abel_\.m2\repository\com\mysql\mysql-connector-j\8.0.33\mysql-connector-j-8.0.33.jar;C:\Users\abel_\.m2\repository\org\apache\httpcomponents\httpcore\4.4.15\httpcore-4.4.15.jar;C:\Users\abel_\.m2\repository\org\projectlombok\lombok\1.18.28\lombok-1.18.28.jar;C:\Users\abel_\.m2\repository\io\jsonwebtoken\jjwt-api\0.11.5\jjwt-api-0.11.5.jar;C:\Users\abel_\.m2\repository\io\jsonwebtoken\jjwt-impl\0.11.5\jjwt-impl-0.11.5.jar;C:\Users\abel_\.m2\repository\io\jsonwebtoken\jjwt-jackson\0.11.5\jjwt-jackson-0.11.5.jar;C:\Users\abel_\.m2\repository\com\fasterxml\jackson\core\jackson-databind\2.13.5\jackson-databind-2.13.5.jar;C:\Users\abel_\.m2\repository\com\fasterxml\jackson\core\jackson-annotations\2.13.5\jackson-annotations-2.13.5.jar;C:\Users\abel_\.m2\repository\com\fasterxml\jackson\core\jackson-core\2.13.5\jackson-core-2.13.5.jar;C:\Users\abel_\.m2\repository\org\springframework\boot\spring-boot-starter-test\2.7.13\spring-boot-starter-test-2.7.13.jar;C:\Users\abel_\.m2\repository\org\springframework\boot\spring-boot-test\2.7.13\spring-boot-test-2.7.13.jar;C:\Users\abel_\.m2\repository\org\springframework\boot\spring-boot-test-autoconfigure\2.7.13\spring-boot-test-autoconfigure-2.7.13.jar;C:\Users\abel_\.m2\repository\com\jayway\jsonpath\json-path\2.7.0\json-path-2.7.0.jar;C:\Users\abel_\.m2\repository\net\minidev\json-smart\2.4.11\json-smart-2.4.11.jar;C:\Users\abel_\.m2\repository\net\minidev\accessors-smart\2.4.11\accessors-smart-2.4.11.jar;C:\Users\abel_\.m2\repository\jakarta\xml\bind\jakarta.xml.bind-api\2.3.3\jakarta.xml.bind-api-2.3.3.jar;C:\Users\abel_\.m2\repository\jakarta\activation\jakarta.activation-api\1.2.2\jakarta.activation-api-1.2.2.jar;C:\Users\abel_\.m2\repository\org\assertj\assertj-core\3.22.0\assertj-core-3.22.0.jar;C:\Users\abel_\.m2\repository\org\hamcrest\hamcrest\2.2\hamcrest-2.2.jar;C:\Users\abel_\.m2\repository\org\junit\jupiter\junit-jupiter\5.8.2\junit-jupiter-5.8.2.jar;C:\Users\abel_\.m2\repository\org\junit\jupiter\junit-jupiter-api\5.8.2\junit-jupiter-api-5.8.2.jar;C:\Users\abel_\.m2\repository\org\opentest4j\opentest4j\1.2.0\opentest4j-1.2.0.jar;C:\Users\abel_\.m2\repository\org\junit\platform\junit-platform-commons\1.8.2\junit-platform-commons-1.8.2.jar;C:\Users\abel_\.m2\repository\org\apiguardian\apiguardian-api\1.1.2\apiguardian-api-1.1.2.jar;C:\Users\abel_\.m2\repository\org\junit\jupiter\junit-jupiter-params\5.8.2\junit-jupiter-params-5.8.2.jar;C:\Users\abel_\.m2\repository\org\junit\jupiter\junit-jupiter-engine\5.8.2\junit-jupiter-engine-5.8.2.jar;C:\Users\abel_\.m2\repository\org\junit\platform\junit-platform-engine\1.8.2\junit-platform-engine-1.8.2.jar;C:\Users\abel_\.m2\repository\org\mockito\mockito-core\4.5.1\mockito-core-4.5.1.jar;C:\Users\abel_\.m2\repository\net\bytebuddy\byte-buddy-agent\1.12.23\byte-buddy-agent-1.12.23.jar;C:\Users\abel_\.m2\repository\org\objenesis\objenesis\3.2\objenesis-3.2.jar;C:\Users\abel_\.m2\repository\org\mockito\mockito-junit-jupiter\4.5.1\mockito-junit-jupiter-4.5.1.jar;C:\Users\abel_\.m2\repository\org\skyscreamer\jsonassert\1.5.1\jsonassert-1.5.1.jar;C:\Users\abel_\.m2\repository\com\vaadin\external\google\android-json\0.0.20131108.vaadin1\android-json-0.0.20131108.vaadin1.jar;C:\Users\abel_\.m2\repository\org\xmlunit\xmlunit-core\2.9.1\xmlunit-core-2.9.1.jar;C:\Users\abel_\.m2\repository\io\springfox\springfox-swagger2\3.0.0\springfox-swagger2-3.0.0.jar;C:\Users\abel_\.m2\repository\io\springfox\springfox-spi\3.0.0\springfox-spi-3.0.0.jar;C:\Users\abel_\.m2\repository\io\springfox\springfox-core\3.0.0\springfox-core-3.0.0.jar;C:\Users\abel_\.m2\repository\io\springfox\springfox-schema\3.0.0\springfox-schema-3.0.0.jar;C:\Users\abel_\.m2\repository\io\springfox\springfox-swagger-common\3.0.0\springfox-swagger-common-3.0.0.jar;C:\Users\abel_\.m2\repository\io\swagger\core\v3\swagger-annotations\2.1.2\swagger-annotations-2.1.2.jar;C:\Users\abel_\.m2\repository\io\springfox\springfox-spring-web\3.0.0\springfox-spring-web-3.0.0.jar;C:\Users\abel_\.m2\repository\io\github\classgraph\classgraph\4.8.83\classgraph-4.8.83.jar;C:\Users\abel_\.m2\repository\io\springfox\springfox-spring-webmvc\3.0.0\springfox-spring-webmvc-3.0.0.jar;C:\Users\abel_\.m2\repository\io\springfox\springfox-spring-webflux\3.0.0\springfox-spring-webflux-3.0.0.jar;C:\Users\abel_\.m2\repository\com\fasterxml\classmate\1.5.1\classmate-1.5.1.jar;C:\Users\abel_\.m2\repository\org\slf4j\slf4j-api\1.7.36\slf4j-api-1.7.36.jar;C:\Users\abel_\.m2\repository\org\springframework\plugin\spring-plugin-core\2.0.0.RELEASE\spring-plugin-core-2.0.0.RELEASE.jar;C:\Users\abel_\.m2\repository\org\springframework\plugin\spring-plugin-metadata\2.0.0.RELEASE\spring-plugin-metadata-2.0.0.RELEASE.jar;C:\Users\abel_\.m2\repository\io\swagger\swagger-annotations\1.5.20\swagger-annotations-1.5.20.jar;C:\Users\abel_\.m2\repository\io\swagger\swagger-models\1.5.20\swagger-models-1.5.20.jar;C:\Users\abel_\.m2\repository\org\mapstruct\mapstruct\1.3.1.Final\mapstruct-1.3.1.Final.jar;C:\Users\abel_\.m2\repository\io\springfox\springfox-swagger-ui\2.9.2\springfox-swagger-ui-2.9.2.jar;C:\Users\abel_\.m2\repository\com\amazonaws\aws-java-sdk\1.11.133\aws-java-sdk-1.11.133.jar;C:\Users\abel_\.m2\repository\com\amazonaws\aws-java-sdk-athena\1.11.133\aws-java-sdk-athena-1.11.133.jar;C:\Users\abel_\.m2\repository\com\amazonaws\jmespath-java\1.11.133\jmespath-java-1.11.133.jar;C:\Users\abel_\.m2\repository\com\amazonaws\aws-java-sdk-marketplaceentitlement\1.11.133\aws-java-sdk-marketplaceentitlement-1.11.133.jar;C:\Users\abel_\.m2\repository\com\amazonaws\aws-java-sdk-codestar\1.11.133\aws-java-sdk-codestar-1.11.133.jar;C:\Users\abel_\.m2\repository\com\amazonaws\aws-java-sdk-lexmodelbuilding\1.11.133\aws-java-sdk-lexmodelbuilding-1.11.133.jar;C:\Users\abel_\.m2\repository\com\amazonaws\aws-java-sdk-resourcegroupstaggingapi\1.11.133\aws-java-sdk-resourcegroupstaggingapi-1.11.133.jar;C:\Users\abel_\.m2\repository\com\amazonaws\aws-java-sdk-pinpoint\1.11.133\aws-java-sdk-pinpoint-1.11.133.jar;C:\Users\abel_\.m2\repository\com\amazonaws\aws-java-sdk-xray\1.11.133\aws-java-sdk-xray-1.11.133.jar;C:\Users\abel_\.m2\repository\com\amazonaws\aws-java-sdk-opsworkscm\1.11.133\aws-java-sdk-opsworkscm-1.11.133.jar;C:\Users\abel_\.m2\repository\com\amazonaws\aws-java-sdk-support\1.11.133\aws-java-sdk-support-1.11.133.jar;C:\Users\abel_\.m2\repository\com\amazonaws\aws-java-sdk-simpledb\1.11.133\aws-java-sdk-simpledb-1.11.133.jar;C:\Users\abel_\.m2\repository\com\amazonaws\aws-java-sdk-servicecatalog\1.11.133\aws-java-sdk-servicecatalog-1.11.133.jar;C:\Users\abel_\.m2\repository\com\amazonaws\aws-java-sdk-servermigration\1.11.133\aws-java-sdk-servermigration-1.11.133.jar;C:\Users\abel_\.m2\repository\com\amazonaws\aws-java-sdk-simpleworkflow\1.11.133\aws-java-sdk-simpleworkflow-1.11.133.jar;C:\Users\abel_\.m2\repository\com\amazonaws\aws-java-sdk-storagegateway\1.11.133\aws-java-sdk-storagegateway-1.11.133.jar;C:\Users\abel_\.m2\repository\com\amazonaws\aws-java-sdk-route53\1.11.133\aws-java-sdk-route53-1.11.133.jar;C:\Users\abel_\.m2\repository\com\amazonaws\aws-java-sdk-s3\1.11.133\aws-java-sdk-s3-1.11.133.jar;C:\Users\abel_\.m2\repository\com\amazonaws\aws-java-sdk-importexport\1.11.133\aws-java-sdk-importexport-1.11.133.jar;C:\Users\abel_\.m2\repository\com\amazonaws\aws-java-sdk-sts\1.11.133\aws-java-sdk-sts-1.11.133.jar;C:\Users\abel_\.m2\repository\com\amazonaws\aws-java-sdk-sqs\1.11.133\aws-java-sdk-sqs-1.11.133.jar;C:\Users\abel_\.m2\repository\com\amazonaws\aws-java-sdk-rds\1.11.133\aws-java-sdk-rds-1.11.133.jar;C:\Users\abel_\.m2\repository\com\amazonaws\aws-java-sdk-redshift\1.11.133\aws-java-sdk-redshift-1.11.133.jar;C:\Users\abel_\.m2\repository\com\amazonaws\aws-java-sdk-elasticbeanstalk\1.11.133\aws-java-sdk-elasticbeanstalk-1.11.133.jar;C:\Users\abel_\.m2\repository\com\amazonaws\aws-java-sdk-glacier\1.11.133\aws-java-sdk-glacier-1.11.133.jar;C:\Users\abel_\.m2\repository\com\amazonaws\aws-java-sdk-iam\1.11.133\aws-java-sdk-iam-1.11.133.jar;C:\Users\abel_\.m2\repository\com\amazonaws\aws-java-sdk-datapipeline\1.11.133\aws-java-sdk-datapipeline-1.11.133.jar;C:\Users\abel_\.m2\repository\com\amazonaws\aws-java-sdk-elasticloadbalancing\1.11.133\aws-java-sdk-elasticloadbalancing-1.11.133.jar;C:\Users\abel_\.m2\repository\com\amazonaws\aws-java-sdk-elasticloadbalancingv2\1.11.133\aws-java-sdk-elasticloadbalancingv2-1.11.133.jar;C:\Users\abel_\.m2\repository\com\amazonaws\aws-java-sdk-emr\1.11.133\aws-java-sdk-emr-1.11.133.jar;C:\Users\abel_\.m2\repository\com\amazonaws\aws-java-sdk-elasticache\1.11.133\aws-java-sdk-elasticache-1.11.133.jar;C:\Users\abel_\.m2\repository\com\amazonaws\aws-java-sdk-elastictranscoder\1.11.133\aws-java-sdk-elastictranscoder-1.11.133.jar;C:\Users\abel_\.m2\repository\com\amazonaws\aws-java-sdk-ec2\1.11.133\aws-java-sdk-ec2-1.11.133.jar;C:\Users\abel_\.m2\repository\com\amazonaws\aws-java-sdk-dynamodb\1.11.133\aws-java-sdk-dynamodb-1.11.133.jar;C:\Users\abel_\.m2\repository\com\amazonaws\aws-java-sdk-sns\1.11.133\aws-java-sdk-sns-1.11.133.jar;C:\Users\abel_\.m2\repository\com\amazonaws\aws-java-sdk-budgets\1.11.133\aws-java-sdk-budgets-1.11.133.jar;C:\Users\abel_\.m2\repository\com\amazonaws\aws-java-sdk-cloudtrail\1.11.133\aws-java-sdk-cloudtrail-1.11.133.jar;C:\Users\abel_\.m2\repository\com\amazonaws\aws-java-sdk-cloudwatch\1.11.133\aws-java-sdk-cloudwatch-1.11.133.jar;C:\Users\abel_\.m2\repository\com\amazonaws\aws-java-sdk-logs\1.11.133\aws-java-sdk-logs-1.11.133.jar;C:\Users\abel_\.m2\repository\com\amazonaws\aws-java-sdk-events\1.11.133\aws-java-sdk-events-1.11.133.jar;C:\Users\abel_\.m2\repository\com\amazonaws\aws-java-sdk-cognitoidentity\1.11.133\aws-java-sdk-cognitoidentity-1.11.133.jar;C:\Users\abel_\.m2\repository\com\amazonaws\aws-java-sdk-cognitosync\1.11.133\aws-java-sdk-cognitosync-1.11.133.jar;C:\Users\abel_\.m2\repository\com\amazonaws\aws-java-sdk-directconnect\1.11.133\aws-java-sdk-directconnect-1.11.133.jar;C:\Users\abel_\.m2\repository\com\amazonaws\aws-java-sdk-cloudformation\1.11.133\aws-java-sdk-cloudformation-1.11.133.jar;C:\Users\abel_\.m2\repository\com\amazonaws\aws-java-sdk-cloudfront\1.11.133\aws-java-sdk-cloudfront-1.11.133.jar;C:\Users\abel_\.m2\repository\com\amazonaws\aws-java-sdk-clouddirectory\1.11.133\aws-java-sdk-clouddirectory-1.11.133.jar;C:\Users\abel_\.m2\repository\com\amazonaws\aws-java-sdk-kinesis\1.11.133\aws-java-sdk-kinesis-1.11.133.jar;C:\Users\abel_\.m2\repository\com\amazonaws\aws-java-sdk-opsworks\1.11.133\aws-java-sdk-opsworks-1.11.133.jar;C:\Users\abel_\.m2\repository\com\amazonaws\aws-java-sdk-ses\1.11.133\aws-java-sdk-ses-1.11.133.jar;C:\Users\abel_\.m2\repository\com\amazonaws\aws-java-sdk-autoscaling\1.11.133\aws-java-sdk-autoscaling-1.11.133.jar;C:\Users\abel_\.m2\repository\com\amazonaws\aws-java-sdk-cloudsearch\1.11.133\aws-java-sdk-cloudsearch-1.11.133.jar;C:\Users\abel_\.m2\repository\com\amazonaws\aws-java-sdk-cloudwatchmetrics\1.11.133\aws-java-sdk-cloudwatchmetrics-1.11.133.jar;C:\Users\abel_\.m2\repository\com\amazonaws\aws-java-sdk-codedeploy\1.11.133\aws-java-sdk-codedeploy-1.11.133.jar;C:\Users\abel_\.m2\repository\com\amazonaws\aws-java-sdk-codepipeline\1.11.133\aws-java-sdk-codepipeline-1.11.133.jar;C:\Users\abel_\.m2\repository\com\amazonaws\aws-java-sdk-kms\1.11.133\aws-java-sdk-kms-1.11.133.jar;C:\Users\abel_\.m2\repository\com\amazonaws\aws-java-sdk-config\1.11.133\aws-java-sdk-config-1.11.133.jar;C:\Users\abel_\.m2\repository\com\amazonaws\aws-java-sdk-lambda\1.11.133\aws-java-sdk-lambda-1.11.133.jar;C:\Users\abel_\.m2\repository\com\amazonaws\aws-java-sdk-ecs\1.11.133\aws-java-sdk-ecs-1.11.133.jar;C:\Users\abel_\.m2\repository\com\amazonaws\aws-java-sdk-ecr\1.11.133\aws-java-sdk-ecr-1.11.133.jar;C:\Users\abel_\.m2\repository\com\amazonaws\aws-java-sdk-cloudhsm\1.11.133\aws-java-sdk-cloudhsm-1.11.133.jar;C:\Users\abel_\.m2\repository\com\amazonaws\aws-java-sdk-ssm\1.11.133\aws-java-sdk-ssm-1.11.133.jar;C:\Users\abel_\.m2\repository\com\amazonaws\aws-java-sdk-workspaces\1.11.133\aws-java-sdk-workspaces-1.11.133.jar;C:\Users\abel_\.m2\repository\com\amazonaws\aws-java-sdk-machinelearning\1.11.133\aws-java-sdk-machinelearning-1.11.133.jar;C:\Users\abel_\.m2\repository\com\amazonaws\aws-java-sdk-directory\1.11.133\aws-java-sdk-directory-1.11.133.jar;C:\Users\abel_\.m2\repository\com\amazonaws\aws-java-sdk-efs\1.11.133\aws-java-sdk-efs-1.11.133.jar;C:\Users\abel_\.m2\repository\com\amazonaws\aws-java-sdk-codecommit\1.11.133\aws-java-sdk-codecommit-1.11.133.jar;C:\Users\abel_\.m2\repository\com\amazonaws\aws-java-sdk-devicefarm\1.11.133\aws-java-sdk-devicefarm-1.11.133.jar;C:\Users\abel_\.m2\repository\com\amazonaws\aws-java-sdk-elasticsearch\1.11.133\aws-java-sdk-elasticsearch-1.11.133.jar;C:\Users\abel_\.m2\repository\com\amazonaws\aws-java-sdk-waf\1.11.133\aws-java-sdk-waf-1.11.133.jar;C:\Users\abel_\.m2\repository\com\amazonaws\aws-java-sdk-marketplacecommerceanalytics\1.11.133\aws-java-sdk-marketplacecommerceanalytics-1.11.133.jar;C:\Users\abel_\.m2\repository\com\amazonaws\aws-java-sdk-inspector\1.11.133\aws-java-sdk-inspector-1.11.133.jar;C:\Users\abel_\.m2\repository\com\amazonaws\aws-java-sdk-iot\1.11.133\aws-java-sdk-iot-1.11.133.jar;C:\Users\abel_\.m2\repository\com\amazonaws\aws-java-sdk-api-gateway\1.11.133\aws-java-sdk-api-gateway-1.11.133.jar;C:\Users\abel_\.m2\repository\com\amazonaws\aws-java-sdk-acm\1.11.133\aws-java-sdk-acm-1.11.133.jar;C:\Users\abel_\.m2\repository\com\amazonaws\aws-java-sdk-gamelift\1.11.133\aws-java-sdk-gamelift-1.11.133.jar;C:\Users\abel_\.m2\repository\com\amazonaws\aws-java-sdk-dms\1.11.133\aws-java-sdk-dms-1.11.133.jar;C:\Users\abel_\.m2\repository\com\amazonaws\aws-java-sdk-marketplacemeteringservice\1.11.133\aws-java-sdk-marketplacemeteringservice-1.11.133.jar;C:\Users\abel_\.m2\repository\com\amazonaws\aws-java-sdk-cognitoidp\1.11.133\aws-java-sdk-cognitoidp-1.11.133.jar;C:\Users\abel_\.m2\repository\com\amazonaws\aws-java-sdk-discovery\1.11.133\aws-java-sdk-discovery-1.11.133.jar;C:\Users\abel_\.m2\repository\com\amazonaws\aws-java-sdk-applicationautoscaling\1.11.133\aws-java-sdk-applicationautoscaling-1.11.133.jar;C:\Users\abel_\.m2\repository\com\amazonaws\aws-java-sdk-snowball\1.11.133\aws-java-sdk-snowball-1.11.133.jar;C:\Users\abel_\.m2\repository\com\amazonaws\aws-java-sdk-rekognition\1.11.133\aws-java-sdk-rekognition-1.11.133.jar;C:\Users\abel_\.m2\repository\com\amazonaws\aws-java-sdk-polly\1.11.133\aws-java-sdk-polly-1.11.133.jar;C:\Users\abel_\.m2\repository\com\amazonaws\aws-java-sdk-lightsail\1.11.133\aws-java-sdk-lightsail-1.11.133.jar;C:\Users\abel_\.m2\repository\com\amazonaws\aws-java-sdk-stepfunctions\1.11.133\aws-java-sdk-stepfunctions-1.11.133.jar;C:\Users\abel_\.m2\repository\com\amazonaws\aws-java-sdk-health\1.11.133\aws-java-sdk-health-1.11.133.jar;C:\Users\abel_\.m2\repository\com\amazonaws\aws-java-sdk-costandusagereport\1.11.133\aws-java-sdk-costandusagereport-1.11.133.jar;C:\Users\abel_\.m2\repository\com\amazonaws\aws-java-sdk-codebuild\1.11.133\aws-java-sdk-codebuild-1.11.133.jar;C:\Users\abel_\.m2\repository\com\amazonaws\aws-java-sdk-appstream\1.11.133\aws-java-sdk-appstream-1.11.133.jar;C:\Users\abel_\.m2\repository\com\amazonaws\aws-java-sdk-shield\1.11.133\aws-java-sdk-shield-1.11.133.jar;C:\Users\abel_\.m2\repository\com\amazonaws\aws-java-sdk-batch\1.11.133\aws-java-sdk-batch-1.11.133.jar;C:\Users\abel_\.m2\repository\com\amazonaws\aws-java-sdk-lex\1.11.133\aws-java-sdk-lex-1.11.133.jar;C:\Users\abel_\.m2\repository\com\amazonaws\aws-java-sdk-mechanicalturkrequester\1.11.133\aws-java-sdk-mechanicalturkrequester-1.11.133.jar;C:\Users\abel_\.m2\repository\com\amazonaws\aws-java-sdk-organizations\1.11.133\aws-java-sdk-organizations-1.11.133.jar;C:\Users\abel_\.m2\repository\com\amazonaws\aws-java-sdk-workdocs\1.11.133\aws-java-sdk-workdocs-1.11.133.jar;C:\Users\abel_\.m2\repository\com\amazonaws\aws-java-sdk-core\1.11.133\aws-java-sdk-core-1.11.133.jar;C:\Users\abel_\.m2\repository\commons-logging\commons-logging\1.1.3\commons-logging-1.1.3.jar;C:\Users\abel_\.m2\repository\software\amazon\ion\ion-java\1.0.2\ion-java-1.0.2.jar;C:\Users\abel_\.m2\repository\com\fasterxml\jackson\dataformat\jackson-dataformat-cbor\2.13.5\jackson-dataformat-cbor-2.13.5.jar;C:\Users\abel_\.m2\repository\joda-time\joda-time\2.8.1\joda-time-2.8.1.jar;C:\Users\abel_\.m2\repository\com\amazonaws\aws-java-sdk-models\1.11.133\aws-java-sdk-models-1.11.133.jar;C:\Users\abel_\.m2\repository\com\amazonaws\aws-java-sdk-swf-libraries\1.11.22\aws-java-sdk-swf-libraries-1.11.22.jar;C:\Users\abel_\.m2\repository\com\mercadopago\sdk-java\2.1.7\sdk-java-2.1.7.jar;C:\Users\abel_\.m2\repository\org\apache\maven\plugins\maven-javadoc-plugin\3.3.2\maven-javadoc-plugin-3.3.2.jar;C:\Users\abel_\.m2\repository\org\apache\maven\maven-core\3.0\maven-core-3.0.jar;C:\Users\abel_\.m2\repository\org\apache\maven\maven-settings-builder\3.0\maven-settings-builder-3.0.jar;C:\Users\abel_\.m2\repository\org\apache\maven\maven-repository-metadata\3.0\maven-repository-metadata-3.0.jar;C:\Users\abel_\.m2\repository\org\apache\maven\maven-model-builder\3.0\maven-model-builder-3.0.jar;C:\Users\abel_\.m2\repository\org\apache\maven\maven-aether-provider\3.0\maven-aether-provider-3.0.jar;C:\Users\abel_\.m2\repository\org\sonatype\aether\aether-impl\1.7\aether-impl-1.7.jar;C:\Users\abel_\.m2\repository\org\sonatype\aether\aether-spi\1.7\aether-spi-1.7.jar;C:\Users\abel_\.m2\repository\org\sonatype\aether\aether-api\1.7\aether-api-1.7.jar;C:\Users\abel_\.m2\repository\org\sonatype\aether\aether-util\1.7\aether-util-1.7.jar;C:\Users\abel_\.m2\repository\org\sonatype\sisu\sisu-inject-plexus\1.4.2\sisu-inject-plexus-1.4.2.jar;C:\Users\abel_\.m2\repository\org\sonatype\sisu\sisu-inject-bean\1.4.2\sisu-inject-bean-1.4.2.jar;C:\Users\abel_\.m2\repository\org\sonatype\sisu\sisu-guice\2.1.7\sisu-guice-2.1.7-noaop.jar;C:\Users\abel_\.m2\repository\org\codehaus\plexus\plexus-interpolation\1.14\plexus-interpolation-1.14.jar;C:\Users\abel_\.m2\repository\org\codehaus\plexus\plexus-classworlds\2.2.3\plexus-classworlds-2.2.3.jar;C:\Users\abel_\.m2\repository\org\codehaus\plexus\plexus-component-annotations\1.5.5\plexus-component-annotations-1.5.5.jar;C:\Users\abel_\.m2\repository\org\sonatype\plexus\plexus-sec-dispatcher\1.3\plexus-sec-dispatcher-1.3.jar;C:\Users\abel_\.m2\repository\org\sonatype\plexus\plexus-cipher\1.4\plexus-cipher-1.4.jar;C:\Users\abel_\.m2\repository\org\apache\maven\maven-model\3.0\maven-model-3.0.jar;C:\Users\abel_\.m2\repository\org\apache\maven\maven-settings\3.0\maven-settings-3.0.jar;C:\Users\abel_\.m2\repository\org\apache\maven\maven-plugin-api\3.0\maven-plugin-api-3.0.jar;C:\Users\abel_\.m2\repository\org\apache\maven\maven-artifact\3.0\maven-artifact-3.0.jar;C:\Users\abel_\.m2\repository\org\apache\maven\reporting\maven-reporting-api\3.1.0\maven-reporting-api-3.1.0.jar;C:\Users\abel_\.m2\repository\org\apache\maven\maven-archiver\3.5.1\maven-archiver-3.5.1.jar;C:\Users\abel_\.m2\repository\org\apache\maven\shared\maven-shared-utils\3.3.3\maven-shared-utils-3.3.3.jar;C:\Users\abel_\.m2\repository\org\apache\maven\shared\maven-invoker\3.1.0\maven-invoker-3.1.0.jar;C:\Users\abel_\.m2\repository\javax\inject\javax.inject\1\javax.inject-1.jar;C:\Users\abel_\.m2\repository\org\apache\maven\shared\maven-common-artifact-filters\3.1.1\maven-common-artifact-filters-3.1.1.jar;C:\Users\abel_\.m2\repository\org\apache\maven\shared\maven-artifact-transfer\0.13.1\maven-artifact-transfer-0.13.1.jar;C:\Users\abel_\.m2\repository\org\apache\maven\doxia\doxia-sink-api\1.11.1\doxia-sink-api-1.11.1.jar;C:\Users\abel_\.m2\repository\org\apache\maven\doxia\doxia-logging-api\1.11.1\doxia-logging-api-1.11.1.jar;C:\Users\abel_\.m2\repository\org\apache\maven\doxia\doxia-site-renderer\1.11.1\doxia-site-renderer-1.11.1.jar;C:\Users\abel_\.m2\repository\org\apache\maven\doxia\doxia-core\1.11.1\doxia-core-1.11.1.jar;C:\Users\abel_\.m2\repository\org\apache\maven\doxia\doxia-decoration-model\1.11.1\doxia-decoration-model-1.11.1.jar;C:\Users\abel_\.m2\repository\org\apache\maven\doxia\doxia-skin-model\1.11.1\doxia-skin-model-1.11.1.jar;C:\Users\abel_\.m2\repository\org\apache\maven\doxia\doxia-module-xhtml\1.11.1\doxia-module-xhtml-1.11.1.jar;C:\Users\abel_\.m2\repository\org\apache\maven\doxia\doxia-module-xhtml5\1.11.1\doxia-module-xhtml5-1.11.1.jar;C:\Users\abel_\.m2\repository\org\codehaus\plexus\plexus-i18n\1.0-beta-10\plexus-i18n-1.0-beta-10.jar;C:\Users\abel_\.m2\repository\org\codehaus\plexus\plexus-container-default\1.0-alpha-30\plexus-container-default-1.0-alpha-30.jar;C:\Users\abel_\.m2\repository\junit\junit\4.13.2\junit-4.13.2.jar;C:\Users\abel_\.m2\repository\org\hamcrest\hamcrest-core\2.2\hamcrest-core-2.2.jar;C:\Users\abel_\.m2\repository\org\codehaus\plexus\plexus-velocity\1.2\plexus-velocity-1.2.jar;C:\Users\abel_\.m2\repository\org\apache\velocity\velocity\1.7\velocity-1.7.jar;C:\Users\abel_\.m2\repository\commons-lang\commons-lang\2.4\commons-lang-2.4.jar;C:\Users\abel_\.m2\repository\org\apache\velocity\velocity-tools\2.0\velocity-tools-2.0.jar;C:\Users\abel_\.m2\repository\commons-beanutils\commons-beanutils\1.7.0\commons-beanutils-1.7.0.jar;C:\Users\abel_\.m2\repository\commons-digester\commons-digester\1.8\commons-digester-1.8.jar;C:\Users\abel_\.m2\repository\commons-chain\commons-chain\1.1\commons-chain-1.1.jar;C:\Users\abel_\.m2\repository\dom4j\dom4j\1.1\dom4j-1.1.jar;C:\Users\abel_\.m2\repository\oro\oro\2.0.8\oro-2.0.8.jar;C:\Users\abel_\.m2\repository\commons-collections\commons-collections\3.2.2\commons-collections-3.2.2.jar;C:\Users\abel_\.m2\repository\org\apache\maven\wagon\wagon-provider-api\2.4\wagon-provider-api-2.4.jar;C:\Users\abel_\.m2\repository\org\apache\commons\commons-lang3\3.12.0\commons-lang3-3.12.0.jar;C:\Users\abel_\.m2\repository\org\apache\commons\commons-text\1.9\commons-text-1.9.jar;C:\Users\abel_\.m2\repository\com\thoughtworks\qdox\qdox\2.0.1\qdox-2.0.1.jar;C:\Users\abel_\.m2\repository\org\codehaus\plexus\plexus-java\1.1.0\plexus-java-1.1.0.jar;C:\Users\abel_\.m2\repository\org\ow2\asm\asm\9.2\asm-9.2.jar;C:\Users\abel_\.m2\repository\org\codehaus\plexus\plexus-archiver\4.2.6\plexus-archiver-4.2.6.jar;C:\Users\abel_\.m2\repository\org\apache\commons\commons-compress\1.21\commons-compress-1.21.jar;C:\Users\abel_\.m2\repository\org\iq80\snappy\snappy\0.4\snappy-0.4.jar;C:\Users\abel_\.m2\repository\org\tukaani\xz\1.9\xz-1.9.jar;C:\Users\abel_\.m2\repository\org\codehaus\plexus\plexus-io\3.2.0\plexus-io-3.2.0.jar;C:\Users\abel_\.m2\repository\org\codehaus\plexus\plexus-utils\3.3.0\plexus-utils-3.3.0.jar;C:\Users\abel_\.m2\repository\commons-io\commons-io\2.11.0\commons-io-2.11.0.jar;C:\Users\abel_\.m2\repository\org\codehaus\plexus\plexus-interactivity-api\1.1\plexus-interactivity-api-1.1.jar;C:\Users\abel_\.m2\repository\org\apache\httpcomponents\httpclient\4.5.14\httpclient-4.5.14.jar;C:\Users\abel_\.m2\repository\commons-codec\commons-codec\1.15\commons-codec-1.15.jar;C:\Users\abel_\.m2\repository\com\google\code\gson\gson\2.9.1\gson-2.9.1.jar;"/>
    <property name="sun.cpu.endian" value="little"/>
    <property name="user.home" value="C:\Users\abel_"/>
    <property name="user.language" value="es"/>
    <property name="java.specification.vendor" value="Oracle Corporation"/>
    <property name="java.version.date" value="2023-04-18"/>
    <property name="java.home" value="C:\Users\abel_\.jdks\corretto-17.0.7"/>
    <property name="file.separator" value="\"/>
    <property name="basedir" value="D:\NoCountry-fullStack\C12-09-ft-nuevo\C12-09-FT-Java-Angular\back-end\powerfit"/>
    <property name="java.vm.compressedOopsMode" value="32-bit"/>
    <property name="line.separator" value="&#10;"/>
    <property name="java.vm.specification.vendor" value="Oracle Corporation"/>
    <property name="java.specification.name" value="Java Platform API Specification"/>
    <property name="FILE_LOG_CHARSET" value="windows-1252"/>
    <property name="java.awt.headless" value="true"/>
    <property name="surefire.real.class.path" value="C:\Users\abel_\AppData\Local\Temp\surefire10763506408082773523\surefirebooter-20230731232430971_3.jar"/>
    <property name="user.script" value=""/>
    <property name="sun.management.compiler" value="HotSpot 64-Bit Tiered Compilers"/>
    <property name="java.runtime.version" value="17.0.7+7-LTS"/>
    <property name="user.name" value="abel_"/>
    <property name="path.separator" value=";"/>
    <property name="os.version" value="10.0"/>
    <property name="java.runtime.name" value="OpenJDK Runtime Environment"/>
    <property name="file.encoding" value="Cp1252"/>
    <property name="spring.beaninfo.ignore" value="true"/>
    <property name="java.vm.name" value="OpenJDK 64-Bit Server VM"/>
    <property name="java.vendor.version" value="Corretto-17.0.7.7.1"/>
    <property name="localRepository" value="C:\Users\abel_\.m2\repository"/>
    <property name="java.vendor.url.bug" value="https://github.com/corretto/corretto-17/issues/"/>
    <property name="java.io.tmpdir" value="C:\Users\abel_\AppData\Local\Temp\"/>
    <property name="idea.version" value="2023.1.3"/>
    <property name="com.zaxxer.hikari.pool_number" value="1"/>
    <property name="java.version" value="17.0.7"/>
    <property name="user.dir" value="D:\NoCountry-fullStack\C12-09-ft-nuevo\C12-09-FT-Java-Angular\back-end\powerfit"/>
    <property name="os.arch" value="amd64"/>
    <property name="java.vm.specification.name" value="Java Virtual Machine Specification"/>
    <property name="PID" value="6148"/>
    <property name="sun.os.patch.level" value=""/>
    <property name="CONSOLE_LOG_CHARSET" value="windows-1252"/>
    <property name="native.encoding" value="Cp1252"/>
    <property name="java.library.path" value="C:\Users\abel_\.jdks\corretto-17.0.7\bin;C:\Windows\Sun\Java\bin;C:\Windows\system32;C:\Windows;C:\Program Files\Common Files\Oracle\Java\javapath;C:\Windows\system32;C:\Windows;C:\Windows\System32\Wbem;C:\Windows\System32\WindowsPowerShell\v1.0\;C:\Windows\System32\OpenSSH\;C:\Program Files\Java\jdk-11\bin;C:\Program Files\Git\cmd;C:\Program Files (x86)\nodejs\;C:\Program Files\apache-maven\apache-maven-3.9.3\bin;;C:\Program Files\Docker\Docker\resources\bin;C:\Program Files\MySQL\MySQL Shell 8.0\bin\;C:\Users\abel_\AppData\Local\Microsoft\WindowsApps;C:\Program Files\JetBrains\IntelliJ IDEA Community Edition 2023.1.1\bin;;C:\Users\abel_\AppData\Local\Programs\Microsoft VS Code\bin;C:\Program Files\Java\jdk-11\bin;C:\Users\abel_\AppData\Roaming\npm;;."/>
    <property name="java.vm.info" value="mixed mode, sharing"/>
    <property name="java.vendor" value="Amazon.com Inc."/>
    <property name="java.vm.version" value="17.0.7+7-LTS"/>
    <property name="sun.io.unicode.encoding" value="UnicodeLittle"/>
    <property name="java.class.version" value="61.0"/>
  </properties>
  <testcase name="contextLoads" classname="com.nocountry.powerfit.PowerfitApplicationTests" time="0.157">
    <system-out><![CDATA[23:24:31.702 [main] DEBUG org.springframework.test.context.BootstrapUtils - Instantiating CacheAwareContextLoaderDelegate from class [org.springframework.test.context.cache.DefaultCacheAwareContextLoaderDelegate]
23:24:31.711 [main] DEBUG org.springframework.test.context.BootstrapUtils - Instantiating BootstrapContext using constructor [public org.springframework.test.context.support.DefaultBootstrapContext(java.lang.Class,org.springframework.test.context.CacheAwareContextLoaderDelegate)]
23:24:31.739 [main] DEBUG org.springframework.test.context.BootstrapUtils - Instantiating TestContextBootstrapper for test class [com.nocountry.powerfit.PowerfitApplicationTests] from class [org.springframework.boot.test.context.SpringBootTestContextBootstrapper]
23:24:31.749 [main] INFO org.springframework.boot.test.context.SpringBootTestContextBootstrapper - Neither @ContextConfiguration nor @ContextHierarchy found for test class [com.nocountry.powerfit.PowerfitApplicationTests], using SpringBootContextLoader
23:24:31.754 [main] DEBUG org.springframework.test.context.support.AbstractContextLoader - Did not detect default resource location for test class [com.nocountry.powerfit.PowerfitApplicationTests]: class path resource [com/nocountry/powerfit/PowerfitApplicationTests-context.xml] does not exist
23:24:31.754 [main] DEBUG org.springframework.test.context.support.AbstractContextLoader - Did not detect default resource location for test class [com.nocountry.powerfit.PowerfitApplicationTests]: class path resource [com/nocountry/powerfit/PowerfitApplicationTestsContext.groovy] does not exist
23:24:31.754 [main] INFO org.springframework.test.context.support.AbstractContextLoader - Could not detect default resource locations for test class [com.nocountry.powerfit.PowerfitApplicationTests]: no resource found for suffixes {-context.xml, Context.groovy}.
23:24:31.755 [main] INFO org.springframework.test.context.support.AnnotationConfigContextLoaderUtils - Could not detect default configuration classes for test class [com.nocountry.powerfit.PowerfitApplicationTests]: PowerfitApplicationTests does not declare any static, non-private, non-final, nested classes annotated with @Configuration.
23:24:31.801 [main] DEBUG org.springframework.test.context.support.ActiveProfilesUtils - Could not find an 'annotation declaring class' for annotation type [org.springframework.test.context.ActiveProfiles] and class [com.nocountry.powerfit.PowerfitApplicationTests]
23:24:31.854 [main] DEBUG org.springframework.context.annotation.ClassPathScanningCandidateComponentProvider - Identified candidate component class: file [D:\NoCountry-fullStack\C12-09-ft-nuevo\C12-09-FT-Java-Angular\back-end\powerfit\target\classes\com\nocountry\powerfit\PowerfitApplication.class]
23:24:31.855 [main] INFO org.springframework.boot.test.context.SpringBootTestContextBootstrapper - Found @SpringBootConfiguration com.nocountry.powerfit.PowerfitApplication for test class com.nocountry.powerfit.PowerfitApplicationTests
23:24:31.964 [main] DEBUG org.springframework.boot.test.context.SpringBootTestContextBootstrapper - @TestExecutionListeners is not present for class [com.nocountry.powerfit.PowerfitApplicationTests]: using defaults.
23:24:31.964 [main] INFO org.springframework.boot.test.context.SpringBootTestContextBootstrapper - Loaded default TestExecutionListener class names from location [META-INF/spring.factories]: [org.springframework.security.test.context.support.WithSecurityContextTestExecutionListener, org.springframework.security.test.context.support.ReactorContextTestExecutionListener, org.springframework.test.context.web.ServletTestExecutionListener, org.springframework.test.context.support.DirtiesContextBeforeModesTestExecutionListener, org.springframework.test.context.event.ApplicationEventsTestExecutionListener, org.springframework.test.context.support.DependencyInjectionTestExecutionListener, org.springframework.test.context.support.DirtiesContextTestExecutionListener, org.springframework.test.context.transaction.TransactionalTestExecutionListener, org.springframework.test.context.jdbc.SqlScriptsTestExecutionListener, org.springframework.test.context.event.EventPublishingTestExecutionListener, org.springframework.boot.test.mock.mockito.MockitoTestExecutionListener, org.springframework.boot.test.mock.mockito.ResetMocksTestExecutionListener, org.springframework.boot.test.autoconfigure.restdocs.RestDocsTestExecutionListener, org.springframework.boot.test.autoconfigure.web.client.MockRestServiceServerResetTestExecutionListener, org.springframework.boot.test.autoconfigure.web.servlet.MockMvcPrintOnlyOnFailureTestExecutionListener, org.springframework.boot.test.autoconfigure.web.servlet.WebDriverTestExecutionListener, org.springframework.boot.test.autoconfigure.webservices.client.MockWebServiceServerTestExecutionListener]
23:24:31.982 [main] INFO org.springframework.boot.test.context.SpringBootTestContextBootstrapper - Using TestExecutionListeners: [org.springframework.test.context.web.ServletTestExecutionListener@4b9df8a, org.springframework.test.context.support.DirtiesContextBeforeModesTestExecutionListener@5e8ac0e1, org.springframework.test.context.event.ApplicationEventsTestExecutionListener@aafcffa, org.springframework.boot.test.mock.mockito.MockitoTestExecutionListener@6955cb39, org.springframework.boot.test.autoconfigure.SpringBootDependencyInjectionTestExecutionListener@235a0c16, org.springframework.test.context.support.DirtiesContextTestExecutionListener@2b5f4d54, org.springframework.test.context.transaction.TransactionalTestExecutionListener@5f7b97da, org.springframework.test.context.jdbc.SqlScriptsTestExecutionListener@18b0930f, org.springframework.security.test.context.support.WithSecurityContextTestExecutionListener@6b7906b3, org.springframework.test.context.event.EventPublishingTestExecutionListener@3a1dd365, org.springframework.security.test.context.support.ReactorContextTestExecutionListener@395b56bb, org.springframework.boot.test.mock.mockito.ResetMocksTestExecutionListener@256f8274, org.springframework.boot.test.autoconfigure.restdocs.RestDocsTestExecutionListener@68044f4, org.springframework.boot.test.autoconfigure.web.client.MockRestServiceServerResetTestExecutionListener@52d239ba, org.springframework.boot.test.autoconfigure.web.servlet.MockMvcPrintOnlyOnFailureTestExecutionListener@315f43d5, org.springframework.boot.test.autoconfigure.web.servlet.WebDriverTestExecutionListener@68fa0ba8, org.springframework.boot.test.autoconfigure.webservices.client.MockWebServiceServerTestExecutionListener@6c5945a7]
23:24:31.986 [main] DEBUG org.springframework.test.context.support.AbstractDirtiesContextTestExecutionListener - Before test class: context [DefaultTestContext@3f390d63 testClass = PowerfitApplicationTests, testInstance = [null], testMethod = [null], testException = [null], mergedContextConfiguration = [WebMergedContextConfiguration@74a6a609 testClass = PowerfitApplicationTests, locations = '{}', classes = '{class com.nocountry.powerfit.PowerfitApplication}', contextInitializerClasses = '[]', activeProfiles = '{}', propertySourceLocations = '{}', propertySourceProperties = '{org.springframework.boot.test.context.SpringBootTestContextBootstrapper=true}', contextCustomizers = set[org.springframework.boot.test.context.filter.ExcludeFilterContextCustomizer@21be3395, org.springframework.boot.test.json.DuplicateJsonObjectContextCustomizerFactory$DuplicateJsonObjectContextCustomizer@4470fbd6, org.springframework.boot.test.mock.mockito.MockitoContextCustomizer@0, org.springframework.boot.test.web.client.TestRestTemplateContextCustomizer@3e2055d6, org.springframework.boot.test.autoconfigure.actuate.metrics.MetricsExportContextCustomizerFactory$DisableMetricExportContextCustomizer@6bb4dd34, org.springframework.boot.test.autoconfigure.properties.PropertyMappingContextCustomizer@0, org.springframework.boot.test.autoconfigure.web.servlet.WebDriverContextCustomizerFactory$Customizer@38af9828, org.springframework.boot.test.context.SpringBootTestArgs@1, org.springframework.boot.test.context.SpringBootTestWebEnvironment@4f638935], resourceBasePath = 'src/main/webapp', contextLoader = 'org.springframework.boot.test.context.SpringBootContextLoader', parent = [null]], attributes = map['org.springframework.test.context.web.ServletTestExecutionListener.activateListener' -> true]], class annotated with @DirtiesContext [false] with mode [null].

  .   ____          _            __ _ _
 /\\ / ___'_ __ _ _(_)_ __  __ _ \ \ \ \
( ( )\___ | '_ | '_| | '_ \/ _` | \ \ \ \
 \\/  ___)| |_)| | | | | || (_| |  ) ) ) )
  '  |____| .__|_| |_|_| |_\__, | / / / /
 =========|_|==============|___/=/_/_/_/
 :: Spring Boot ::               (v2.7.13)

2023-07-31 23:24:32.294  INFO 6148 --- [           main] c.n.powerfit.PowerfitApplicationTests    : Starting PowerfitApplicationTests using Java 17.0.7 on ABEL with PID 6148 (started by abel_ in D:\NoCountry-fullStack\C12-09-ft-nuevo\C12-09-FT-Java-Angular\back-end\powerfit)
2023-07-31 23:24:32.297  INFO 6148 --- [           main] c.n.powerfit.PowerfitApplicationTests    : No active profile set, falling back to 1 default profile: "default"
2023-07-31 23:24:33.308  INFO 6148 --- [           main] .s.d.r.c.RepositoryConfigurationDelegate : Bootstrapping Spring Data JPA repositories in DEFAULT mode.
2023-07-31 23:24:33.384  INFO 6148 --- [           main] .s.d.r.c.RepositoryConfigurationDelegate : Finished Spring Data repository scanning in 66 ms. Found 5 JPA repository interfaces.
2023-07-31 23:24:33.989  INFO 6148 --- [           main] o.hibernate.jpa.internal.util.LogHelper  : HHH000204: Processing PersistenceUnitInfo [name: default]
2023-07-31 23:24:34.062  INFO 6148 --- [           main] org.hibernate.Version                    : HHH000412: Hibernate ORM core version 5.6.15.Final
2023-07-31 23:24:34.231  INFO 6148 --- [           main] o.hibernate.annotations.common.Version   : HCANN000001: Hibernate Commons Annotations {5.1.2.Final}
2023-07-31 23:24:34.424  INFO 6148 --- [           main] com.zaxxer.hikari.HikariDataSource       : HikariPool-1 - Starting...
2023-07-31 23:24:34.807  INFO 6148 --- [           main] com.zaxxer.hikari.HikariDataSource       : HikariPool-1 - Start completed.
2023-07-31 23:24:34.835  INFO 6148 --- [           main] org.hibernate.dialect.Dialect            : HHH000400: Using dialect: org.hibernate.dialect.MySQL8Dialect
2023-07-31 23:24:35.639  INFO 6148 --- [           main] o.h.e.t.j.p.i.JtaPlatformInitiator       : HHH000490: Using JtaPlatform implementation: [org.hibernate.engine.transaction.jta.platform.internal.NoJtaPlatform]
2023-07-31 23:24:35.647  INFO 6148 --- [           main] j.LocalContainerEntityManagerFactoryBean : Initialized JPA EntityManagerFactory for persistence unit 'default'
2023-07-31 23:24:37.552  INFO 6148 --- [           main] o.s.s.web.DefaultSecurityFilterChain     : Will secure any request with [org.springframework.security.web.session.DisableEncodeUrlFilter@63d8590c, org.springframework.security.web.context.request.async.WebAsyncManagerIntegrationFilter@117bfeb8, org.springframework.security.web.context.SecurityContextPersistenceFilter@2f4c83f1, org.springframework.security.web.header.HeaderWriterFilter@6ed2aa8a, org.springframework.security.web.authentication.logout.LogoutFilter@5e8633da, com.nocountry.powerfit.config.JwtAuthenticationFilter@2148849f, org.springframework.security.web.savedrequest.RequestCacheAwareFilter@59eff566, org.springframework.security.web.servletapi.SecurityContextHolderAwareRequestFilter@1277a6a1, org.springframework.security.web.authentication.AnonymousAuthenticationFilter@4781bb01, org.springframework.security.web.session.SessionManagementFilter@5623fd90, org.springframework.security.web.access.ExceptionTranslationFilter@626e5554, org.springframework.security.web.access.intercept.FilterSecurityInterceptor@466c39de]
2023-07-31 23:24:38.539  INFO 6148 --- [           main] c.n.powerfit.PowerfitApplicationTests    : Started PowerfitApplicationTests in 6.518 seconds (JVM running for 7.412)
]]></system-out>
  </testcase>
</testsuite>